Mplus VERSION 8.4
MUTHEN & MUTHEN
02/08/2020   5:32 AM

INPUT INSTRUCTIONS

  TITLE:
  SleepCare FA Power;
  MONTECARLO:

  NAMES ARE Y1 Y2 Y3 dstrat2 dstrat3 dstrat4
   dstrat5 dstrat6 dstrat7 dstrat8
   blt cbt bxc;
  NOBSERVATIONS = 300%;
  NREPS = 500;
  SEED = 58459;
  PATMISS = Y1(0) Y2(0.25) Y3(0.35);
  PATPROBS = 1;
  CUTPOINTS = dstrat2 (2.065) dstrat3 (2.065) dstrat4 (3.245)
   dstrat5 (1.237) dstrat6 (2.512) dstrat7 (2.512)
   dstrat8 (3.664)
   blt (0) cbt(0) bxc (1.098612);
  RESULTS = sleepcare_sim_estimate.dat;

  MODEL POPULATION:

  [Y1@0 Y2@0 Y3@0];
  Y1 - Y3@24.2;
  dstrat2-bxc@1;
  int BY Y1@1 Y2@1 Y3@1;
  slope BY Y1@0 Y2@0.5 Y3@1;
  int ON
    dstrat2@2 dstrat3@4 dstrat4@6
    dstrat5@0 dstrat6@2 dstrat7@4
    dstrat8@6
    blt@0 cbt@0 bxc@0 ;
  slope ON blt@-4 cbt@-4 bxc@4 ;
  [int@52.2 slope@-0.2];
  int@31.6 slope@24.3;
  int WITH slope@-6.5;

  ANALYSIS:
  ESTIMATOR = ML; PROCESSORS = 4;
  MODEL:

  [Y1 - Y3@0]; ! fix residual intercepts to 0
  Y1-Y3*24.2 (resvar); ! homogenous residual variances
  int BY Y1@1 Y2@1 Y3@1;
  slope BY Y1@0 Y2@0.5 Y3@1;
  int ON
    dstrat2@2 dstrat3@4 dstrat4@6
    dstrat5@0 dstrat6@2 dstrat7@4
    dstrat8@6
    blt@0 cbt@0 bxc@0 ;
  slope ON blt*-4 cbt*-4 bxc*4 (s1-s3);
  [int*52.2 slope*-0.2] (int1-int2);
  int*31.6 slope*24.3;
  int WITH slope*-6.5;

  MODEL CONSTRAINT:

  NEW(ss1 ss2 ss3 ss4 mblt mcbt);
  ss1 = int2;
  ss2 = ss1 + s1;
  ss3 = ss1 + s2;
  ss4 = ss1 + s3;
  mblt = s1 + (s3/2);
  mcbt = s2 + (s3/2);




INPUT READING TERMINATED NORMALLY




SleepCare FA Power;

SUMMARY OF ANALYSIS

Number of groups                                                 1
Number of observations                                         300

Number of replications
    Requested                                                  500
    Completed                                                  500
Value of seed                                                58459

Number of dependent variables                                    3
Number of independent variables                                 10
Number of continuous latent variables                            2

Observed dependent variables

  Continuous
   Y1          Y2          Y3

Observed independent variables
   DSTRAT2     DSTRAT3     DSTRAT4     DSTRAT5     DSTRAT6     DSTRAT7
   DSTRAT8     BLT         CBT         BXC

Continuous latent variables
   INT         SLOPE


Estimator                                                       ML
Information matrix                                        OBSERVED
Maximum number of iterations                                  1000
Convergence criterion                                    0.500D-04
Maximum number of steepest descent iterations                   20
Maximum number of iterations for H1                           2000
Convergence criterion for H1                             0.100D-03


SUMMARY OF DATA FOR THE FIRST REPLICATION

     Number of missing data patterns             4


SUMMARY OF MISSING DATA PATTERNS FOR THE FIRST REPLICATION


     MISSING DATA PATTERNS (x = not missing)

           1  2  3  4
 Y1        x  x  x  x
 Y2        x  x
 Y3        x     x
 DSTRAT2   x  x  x  x
 DSTRAT3   x  x  x  x
 DSTRAT4   x  x  x  x
 DSTRAT5   x  x  x  x
 DSTRAT6   x  x  x  x
 DSTRAT7   x  x  x  x
 DSTRAT8   x  x  x  x
 BLT       x  x  x  x
 CBT       x  x  x  x
 BXC       x  x  x  x


     MISSING DATA PATTERN FREQUENCIES

    Pattern   Frequency     Pattern   Frequency     Pattern   Frequency
          1         144           3          47
          2          83           4          26


COVARIANCE COVERAGE OF DATA FOR THE FIRST REPLICATION

Minimum covariance coverage value   0.100


     PROPORTION OF DATA PRESENT


           Covariance Coverage
              Y1            Y2            Y3            DSTRAT2       DSTRAT3
              ________      ________      ________      ________      ________
 Y1             1.000
 Y2             0.757         0.757
 Y3             0.637         0.480         0.637
 DSTRAT2        1.000         0.757         0.637         1.000
 DSTRAT3        1.000         0.757         0.637         1.000         1.000
 DSTRAT4        1.000         0.757         0.637         1.000         1.000
 DSTRAT5        1.000         0.757         0.637         1.000         1.000
 DSTRAT6        1.000         0.757         0.637         1.000         1.000
 DSTRAT7        1.000         0.757         0.637         1.000         1.000
 DSTRAT8        1.000         0.757         0.637         1.000         1.000
 BLT            1.000         0.757         0.637         1.000         1.000
 CBT            1.000         0.757         0.637         1.000         1.000
 BXC            1.000         0.757         0.637         1.000         1.000


           Covariance Coverage
              DSTRAT4       DSTRAT5       DSTRAT6       DSTRAT7       DSTRAT8
              ________      ________      ________      ________      ________
 DSTRAT4        1.000
 DSTRAT5        1.000         1.000
 DSTRAT6        1.000         1.000         1.000
 DSTRAT7        1.000         1.000         1.000         1.000
 DSTRAT8        1.000         1.000         1.000         1.000         1.000
 BLT            1.000         1.000         1.000         1.000         1.000
 CBT            1.000         1.000         1.000         1.000         1.000
 BXC            1.000         1.000         1.000         1.000         1.000


           Covariance Coverage
              BLT           CBT           BXC
              ________      ________      ________
 BLT            1.000
 CBT            1.000         1.000
 BXC            1.000         1.000         1.000



SAMPLE STATISTICS FOR THE FIRST REPLICATION


     ESTIMATED SAMPLE STATISTICS


           Means
              Y1            Y2            Y3            DSTRAT2       DSTRAT3
              ________      ________      ________      ________      ________
               51.571        50.190        48.712         0.033         0.020


           Means
              DSTRAT4       DSTRAT5       DSTRAT6       DSTRAT7       DSTRAT8
              ________      ________      ________      ________      ________
                0.000         0.113         0.010         0.007         0.000


           Means
              BLT           CBT           BXC
              ________      ________      ________
                0.500         0.447         0.147


           Covariances
              Y1            Y2            Y3            DSTRAT2       DSTRAT3
              ________      ________      ________      ________      ________
 Y1            55.411
 Y2            25.326        53.486
 Y3            17.577        35.746        79.827
 DSTRAT2       -0.004        -0.128        -0.070         0.032
 DSTRAT3        0.119         0.131         0.119        -0.001         0.020
 DSTRAT4        0.000         0.000         0.000         0.000         0.000
 DSTRAT5       -0.212        -0.141        -0.136        -0.004         0.001
 DSTRAT6       -0.016        -0.006         0.127         0.000         0.000
 DSTRAT7        0.001        -0.029         0.062         0.000         0.000
 DSTRAT8        0.000         0.000         0.000         0.000         0.000
 BLT            0.450        -0.317        -0.923         0.007         0.000
 CBT            0.231        -0.110        -1.151        -0.005         0.001
 BXC           -0.028         0.216         0.437        -0.002        -0.003


           Covariances
              DSTRAT4       DSTRAT5       DSTRAT6       DSTRAT7       DSTRAT8
              ________      ________      ________      ________      ________
 DSTRAT4        0.000
 DSTRAT5        0.000         0.100
 DSTRAT6        0.000        -0.001         0.010
 DSTRAT7        0.000        -0.001         0.000         0.007
 DSTRAT8        0.000         0.000         0.000         0.000         0.000
 BLT            0.000        -0.007         0.002        -0.003         0.000
 CBT            0.000         0.009        -0.004         0.000         0.000
 BXC            0.000        -0.007         0.002        -0.001         0.000


           Covariances
              BLT           CBT           BXC
              ________      ________      ________
 BLT            0.250
 CBT            0.010         0.247
 BXC            0.007         0.011         0.125


           Correlations
              Y1            Y2            Y3            DSTRAT2       DSTRAT3
              ________      ________      ________      ________      ________
 Y1             1.000
 Y2             0.465         1.000
 Y3             0.264         0.547         1.000
 DSTRAT2       -0.003        -0.098        -0.043         1.000
 DSTRAT3        0.114         0.127         0.096        -0.027         1.000
 DSTRAT4        0.000         0.000         0.000         0.000         0.000
 DSTRAT5       -0.090        -0.061        -0.048        -0.066         0.024
 DSTRAT6       -0.022        -0.008         0.142        -0.019        -0.014
 DSTRAT7        0.001        -0.049         0.085        -0.015        -0.012
 DSTRAT8        0.000         0.000         0.000         0.000         0.000
 BLT            0.121        -0.087        -0.207         0.074         0.000
 CBT            0.063        -0.030        -0.259        -0.055         0.015
 BXC           -0.011         0.083         0.138        -0.024        -0.059


           Correlations
              DSTRAT4       DSTRAT5       DSTRAT6       DSTRAT7       DSTRAT8
              ________      ________      ________      ________      ________
 DSTRAT4        1.000
 DSTRAT5        0.000         1.000
 DSTRAT6        0.000        -0.036         1.000
 DSTRAT7        0.000        -0.029        -0.008         1.000
 DSTRAT8        0.000         0.000         0.000         0.000         1.000
 BLT            0.000        -0.042         0.034        -0.082         0.000
 CBT            0.000         0.060        -0.090         0.009         0.000
 BXC            0.000        -0.059         0.053        -0.034         0.000


           Correlations
              BLT           CBT           BXC
              ________      ________      ________
 BLT            1.000
 CBT            0.040         1.000
 BXC            0.038         0.063         1.000


     MAXIMUM LOG-LIKELIHOOD VALUE FOR THE UNRESTRICTED (H1) MODEL IS -263.546


MODEL FIT INFORMATION

Number of Free Parameters                        9

Loglikelihood

    H0 Value

        Mean                             -2411.874
        Std Dev                             42.346
        Number of successful computations      500

             Proportions                   Percentiles
        Expected    Observed         Expected       Observed
           0.990       0.994        -2510.383      -2506.349
           0.980       0.982        -2498.839      -2498.801
           0.950       0.958        -2481.528      -2480.158
           0.900       0.910        -2466.144      -2465.191
           0.800       0.772        -2447.512      -2449.965
           0.700       0.696        -2434.080      -2435.072
           0.500       0.498        -2411.874      -2412.513
           0.300       0.314        -2389.667      -2387.431
           0.200       0.192        -2376.235      -2377.697
           0.100       0.090        -2357.603      -2359.924
           0.050       0.048        -2342.219      -2344.161
           0.020       0.024        -2324.908      -2322.197
           0.010       0.012        -2313.364      -2309.565

    H1 Value

        Mean                             -2400.212
        Std Dev                             42.544
        Number of successful computations      500

             Proportions                   Percentiles
        Expected    Observed         Expected       Observed
           0.990       0.992        -2499.181      -2497.155
           0.980       0.978        -2487.584      -2489.228
           0.950       0.960        -2470.192      -2467.671
           0.900       0.908        -2454.736      -2454.568
           0.800       0.780        -2436.017      -2439.760
           0.700       0.694        -2422.522      -2423.479
           0.500       0.494        -2400.212      -2401.068
           0.300       0.314        -2377.902      -2375.966
           0.200       0.190        -2364.407      -2365.688
           0.100       0.094        -2345.688      -2347.858
           0.050       0.048        -2330.232      -2331.986
           0.020       0.026        -2312.840      -2308.090
           0.010       0.014        -2301.243      -2296.967

Information Criteria

    Akaike (AIC)

        Mean                              4841.747
        Std Dev                             84.692
        Number of successful computations      500

             Proportions                   Percentiles
        Expected    Observed         Expected       Observed
           0.990       0.988         4644.729       4622.591
           0.980       0.976         4667.816       4656.103
           0.950       0.952         4702.438       4703.636
           0.900       0.910         4733.206       4737.404
           0.800       0.808         4770.471       4772.275
           0.700       0.686         4797.335       4792.787
           0.500       0.502         4841.747       4842.050
           0.300       0.304         4886.160       4887.146
           0.200       0.228         4913.024       4917.542
           0.100       0.090         4950.288       4946.253
           0.050       0.042         4981.057       4977.908
           0.020       0.018         5015.679       5012.560
           0.010       0.006         5038.766       5020.682

    Bayesian (BIC)

        Mean                              4875.081
        Std Dev                             84.692
        Number of successful computations      500

             Proportions                   Percentiles
        Expected    Observed         Expected       Observed
           0.990       0.988         4678.063       4655.925
           0.980       0.976         4701.150       4689.437
           0.950       0.952         4735.772       4736.970
           0.900       0.910         4766.540       4770.738
           0.800       0.808         4803.805       4805.609
           0.700       0.686         4830.669       4826.121
           0.500       0.502         4875.081       4875.384
           0.300       0.304         4919.494       4920.480
           0.200       0.228         4946.358       4950.876
           0.100       0.090         4983.622       4979.587
           0.050       0.042         5014.391       5011.242
           0.020       0.018         5049.013       5045.894
           0.010       0.006         5072.100       5054.016

    Sample-Size Adjusted BIC (n* = (n + 2) / 24)

        Mean                              4846.539
        Std Dev                             84.692
        Number of successful computations      500

             Proportions                   Percentiles
        Expected    Observed         Expected       Observed
           0.990       0.988         4649.520       4627.383
           0.980       0.976         4672.607       4660.894
           0.950       0.952         4707.229       4708.427
           0.900       0.910         4737.997       4742.195
           0.800       0.808         4775.262       4777.066
           0.700       0.686         4802.126       4797.578
           0.500       0.502         4846.539       4846.841
           0.300       0.304         4890.951       4891.937
           0.200       0.228         4917.815       4922.334
           0.100       0.090         4955.080       4951.044
           0.050       0.042         4985.848       4982.700
           0.020       0.018         5020.470       5017.351
           0.010       0.006         5043.557       5025.473

Chi-Square Test of Model Fit

        Degrees of freedom                      30

        Mean                                23.323
        Std Dev                              7.043
        Number of successful computations      500

             Proportions                   Percentiles
        Expected    Observed         Expected       Observed
           0.990       0.906           14.953         10.201
           0.980       0.864           16.306         10.907
           0.950       0.734           18.493         12.708
           0.900       0.622           20.599         15.073
           0.800       0.478           23.364         17.420
           0.700       0.342           25.508         19.247
           0.500       0.166           29.336         22.858
           0.300       0.076           33.530         26.216
           0.200       0.048           36.250         28.475
           0.100       0.024           40.256         31.872
           0.050       0.014           43.773         35.794
           0.020       0.008           47.962         41.214
           0.010       0.002           50.892         45.010

RMSEA (Root Mean Square Error Of Approximation)

        Mean                                 0.003
        Std Dev                              0.009
        Number of successful computations      500

        Cumulative Distribution Function
           Value    Function Value
           0.990       1.000
           0.980       1.000
           0.950       1.000
           0.900       1.000
           0.800       1.000
           0.700       1.000
           0.500       1.000
           0.300       1.000
           0.200       1.000
           0.100       1.000
           0.050       0.998
           0.020       0.924
           0.010       0.878

CFI/TLI

    CFI

        Mean                                 0.996
        Std Dev                              0.016
        Number of successful computations      500

        Cumulative Distribution Function
           Value    Function Value
           0.990       0.106
           0.980       0.074
           0.950       0.028
           0.900       0.006
           0.800       0.000
           0.700       0.000
           0.500       0.000
           0.300       0.000
           0.200       0.000
           0.100       0.000
           0.050       0.000
           0.020       0.000
           0.010       0.000

    TLI

        Mean                                 0.995
        Std Dev                              0.017
        Number of successful computations      500

        Cumulative Distribution Function
           Value    Function Value
           0.990       0.108
           0.980       0.078
           0.950       0.028
           0.900       0.012
           0.800       0.000
           0.700       0.000
           0.500       0.000
           0.300       0.000
           0.200       0.000
           0.100       0.000
           0.050       0.000
           0.020       0.000
           0.010       0.000

SRMR (Standardized Root Mean Square Residual)

        Mean                                 0.061
        Std Dev                              0.018
        Number of successful computations      500

        Cumulative Distribution Function
           Value    Function Value
           0.990       1.000
           0.980       1.000
           0.950       1.000
           0.900       1.000
           0.800       1.000
           0.700       1.000
           0.500       1.000
           0.300       1.000
           0.200       1.000
           0.100       0.956
           0.050       0.278
           0.020       0.000
           0.010       0.000


MODEL RESULTS

                              ESTIMATES              S. E.     M. S. E.  95%  % Sig
                 Population   Average   Std. Dev.   Average             Cover Coeff

 INT      BY
  Y1                  1.000     1.0000     0.0000     0.0000     0.0000 1.000 0.000
  Y2                  1.000     1.0000     0.0000     0.0000     0.0000 1.000 0.000
  Y3                  1.000     1.0000     0.0000     0.0000     0.0000 1.000 0.000

 SLOPE    BY
  Y1                  0.000     0.0000     0.0000     0.0000     0.0000 1.000 0.000
  Y2                  0.500     0.5000     0.0000     0.0000     0.0000 1.000 0.000
  Y3                  1.000     1.0000     0.0000     0.0000     0.0000 1.000 0.000

 INT      ON
  DSTRAT2             2.000     2.0000     0.0000     0.0000     0.0000 1.000 0.000
  DSTRAT3             4.000     4.0000     0.0000     0.0000     0.0000 1.000 0.000
  DSTRAT4             6.000     6.0000     0.0000     0.0000     0.0000 1.000 0.000
  DSTRAT5             0.000     0.0000     0.0000     0.0000     0.0000 1.000 0.000
  DSTRAT6             2.000     2.0000     0.0000     0.0000     0.0000 1.000 0.000
  DSTRAT7             4.000     4.0000     0.0000     0.0000     0.0000 1.000 0.000
  DSTRAT8             6.000     6.0000     0.0000     0.0000     0.0000 1.000 0.000
  BLT                 0.000     0.0000     0.0000     0.0000     0.0000 1.000 0.000
  CBT                 0.000     0.0000     0.0000     0.0000     0.0000 1.000 0.000
  BXC                 0.000     0.0000     0.0000     0.0000     0.0000 1.000 0.000

 SLOPE    ON
  BLT                -4.000    -4.0406     1.0048     0.9944     1.0092 0.942 0.984
  CBT                -4.000    -4.0201     0.9766     0.9938     0.9522 0.954 0.976
  BXC                 4.000     3.9025     1.3857     1.4644     1.9260 0.958 0.758

 INT      WITH
  SLOPE              -6.500    -6.1531     5.3290     5.2355    28.4614 0.950 0.186

 Intercepts
  Y1                  0.000     0.0000     0.0000     0.0000     0.0000 1.000 0.000
  Y2                  0.000     0.0000     0.0000     0.0000     0.0000 1.000 0.000
  Y3                  0.000     0.0000     0.0000     0.0000     0.0000 1.000 0.000
  INT                52.200    52.2105     0.4176     0.4194     0.1741 0.952 1.000
  SLOPE              -0.200    -0.1481     0.9099     0.9199     0.8290 0.944 0.054

 Residual Variances
  Y1                 24.200    24.3266     2.6551     2.5455     7.0514 0.942 1.000
  Y2                 24.200    24.3266     2.6551     2.5455     7.0514 0.942 1.000
  Y3                 24.200    24.3266     2.6551     2.5455     7.0514 0.942 1.000
  INT                31.600    31.2300     4.8702     4.8617    23.8081 0.932 1.000
  SLOPE              24.300    22.8627     9.5122     9.0825    92.3669 0.924 0.752

New/Additional Parameters
  SS1                 0.500    -0.1481     0.9099     0.9199     1.2463 0.908 0.054
  SS2                 0.500    -4.1886     0.8801     0.9193    22.7564 0.000 0.998
  SS3                 0.500    -4.1681     0.9485     0.9217    22.6894 0.000 0.988
  SS4                 0.500     3.7544     1.5036     1.5579    12.8476 0.444 0.702
  MBLT                0.500    -2.0893     1.2582     1.2356     8.2845 0.454 0.376
  MCBT                0.500    -2.0688     1.1899     1.2320     8.0118 0.442 0.390


QUALITY OF NUMERICAL RESULTS

     Average Condition Number for the Information Matrix      0.199E-04
       (ratio of smallest to largest eigenvalue)


TECHNICAL OUTPUT


     PARAMETER SPECIFICATION


           NU
              Y1            Y2            Y3            DSTRAT2       DSTRAT3
              ________      ________      ________      ________      ________
                  0             0             0             0             0


           NU
              DSTRAT4       DSTRAT5       DSTRAT6       DSTRAT7       DSTRAT8
              ________      ________      ________      ________      ________
                  0             0             0             0             0


           NU
              BLT           CBT           BXC
              ________      ________      ________
                  0             0             0


           LAMBDA
              INT           SLOPE         DSTRAT2       DSTRAT3       DSTRAT4
              ________      ________      ________      ________      ________
 Y1                 0             0             0             0             0
 Y2                 0             0             0             0             0
 Y3                 0             0             0             0             0
 DSTRAT2            0             0             0             0             0
 DSTRAT3            0             0             0             0             0
 DSTRAT4            0             0             0             0             0
 DSTRAT5            0             0             0             0             0
 DSTRAT6            0             0             0             0             0
 DSTRAT7            0             0             0             0             0
 DSTRAT8            0             0             0             0             0
 BLT                0             0             0             0             0
 CBT                0             0             0             0             0
 BXC                0             0             0             0             0


           LAMBDA
              DSTRAT5       DSTRAT6       DSTRAT7       DSTRAT8       BLT
              ________      ________      ________      ________      ________
 Y1                 0             0             0             0             0
 Y2                 0             0             0             0             0
 Y3                 0             0             0             0             0
 DSTRAT2            0             0             0             0             0
 DSTRAT3            0             0             0             0             0
 DSTRAT4            0             0             0             0             0
 DSTRAT5            0             0             0             0             0
 DSTRAT6            0             0             0             0             0
 DSTRAT7            0             0             0             0             0
 DSTRAT8            0             0             0             0             0
 BLT                0             0             0             0             0
 CBT                0             0             0             0             0
 BXC                0             0             0             0             0


           LAMBDA
              CBT           BXC
              ________      ________
 Y1                 0             0
 Y2                 0             0
 Y3                 0             0
 DSTRAT2            0             0
 DSTRAT3            0             0
 DSTRAT4            0             0
 DSTRAT5            0             0
 DSTRAT6            0             0
 DSTRAT7            0             0
 DSTRAT8            0             0
 BLT                0             0
 CBT                0             0
 BXC                0             0


           THETA
              Y1            Y2            Y3            DSTRAT2       DSTRAT3
              ________      ________      ________      ________      ________
 Y1                 1
 Y2                 0             1
 Y3                 0             0             1
 DSTRAT2            0             0             0             0
 DSTRAT3            0             0             0             0             0
 DSTRAT4            0             0             0             0             0
 DSTRAT5            0             0             0             0             0
 DSTRAT6            0             0             0             0             0
 DSTRAT7            0             0             0             0             0
 DSTRAT8            0             0             0             0             0
 BLT                0             0             0             0             0
 CBT                0             0             0             0             0
 BXC                0             0             0             0             0


           THETA
              DSTRAT4       DSTRAT5       DSTRAT6       DSTRAT7       DSTRAT8
              ________      ________      ________      ________      ________
 DSTRAT4            0
 DSTRAT5            0             0
 DSTRAT6            0             0             0
 DSTRAT7            0             0             0             0
 DSTRAT8            0             0             0             0             0
 BLT                0             0             0             0             0
 CBT                0             0             0             0             0
 BXC                0             0             0             0             0


           THETA
              BLT           CBT           BXC
              ________      ________      ________
 BLT                0
 CBT                0             0
 BXC                0             0             0


           ALPHA
              INT           SLOPE         DSTRAT2       DSTRAT3       DSTRAT4
              ________      ________      ________      ________      ________
                  2             3             0             0             0


           ALPHA
              DSTRAT5       DSTRAT6       DSTRAT7       DSTRAT8       BLT
              ________      ________      ________      ________      ________
                  0             0             0             0             0


           ALPHA
              CBT           BXC
              ________      ________
                  0             0


           BETA
              INT           SLOPE         DSTRAT2       DSTRAT3       DSTRAT4
              ________      ________      ________      ________      ________
 INT                0             0             0             0             0
 SLOPE              0             0             0             0             0
 DSTRAT2            0             0             0             0             0
 DSTRAT3            0             0             0             0             0
 DSTRAT4            0             0             0             0             0
 DSTRAT5            0             0             0             0             0
 DSTRAT6            0             0             0             0             0
 DSTRAT7            0             0             0             0             0
 DSTRAT8            0             0             0             0             0
 BLT                0             0             0             0             0
 CBT                0             0             0             0             0
 BXC                0             0             0             0             0


           BETA
              DSTRAT5       DSTRAT6       DSTRAT7       DSTRAT8       BLT
              ________      ________      ________      ________      ________
 INT                0             0             0             0             0
 SLOPE              0             0             0             0             4
 DSTRAT2            0             0             0             0             0
 DSTRAT3            0             0             0             0             0
 DSTRAT4            0             0             0             0             0
 DSTRAT5            0             0             0             0             0
 DSTRAT6            0             0             0             0             0
 DSTRAT7            0             0             0             0             0
 DSTRAT8            0             0             0             0             0
 BLT                0             0             0             0             0
 CBT                0             0             0             0             0
 BXC                0             0             0             0             0


           BETA
              CBT           BXC
              ________      ________
 INT                0             0
 SLOPE              5             6
 DSTRAT2            0             0
 DSTRAT3            0             0
 DSTRAT4            0             0
 DSTRAT5            0             0
 DSTRAT6            0             0
 DSTRAT7            0             0
 DSTRAT8            0             0
 BLT                0             0
 CBT                0             0
 BXC                0             0


           PSI
              INT           SLOPE         DSTRAT2       DSTRAT3       DSTRAT4
              ________      ________      ________      ________      ________
 INT                7
 SLOPE              8             9
 DSTRAT2            0             0             0
 DSTRAT3            0             0             0             0
 DSTRAT4            0             0             0             0             0
 DSTRAT5            0             0             0             0             0
 DSTRAT6            0             0             0             0             0
 DSTRAT7            0             0             0             0             0
 DSTRAT8            0             0             0             0             0
 BLT                0             0             0             0             0
 CBT                0             0             0             0             0
 BXC                0             0             0             0             0


           PSI
              DSTRAT5       DSTRAT6       DSTRAT7       DSTRAT8       BLT
              ________      ________      ________      ________      ________
 DSTRAT5            0
 DSTRAT6            0             0
 DSTRAT7            0             0             0
 DSTRAT8            0             0             0             0
 BLT                0             0             0             0             0
 CBT                0             0             0             0             0
 BXC                0             0             0             0             0


           PSI
              CBT           BXC
              ________      ________
 CBT                0
 BXC                0             0


     PARAMETER SPECIFICATION FOR THE ADDITIONAL PARAMETERS


           New/Additional Parameters
              SS1           SS2           SS3           SS4           MBLT
              ________      ________      ________      ________      ________
                   10            11            12            13            14


           New/Additional Parameters
              MCBT
              ________
                   15


     STARTING VALUES


           NU
              Y1            Y2            Y3            DSTRAT2       DSTRAT3
              ________      ________      ________      ________      ________
                0.000         0.000         0.000         0.000         0.000


           NU
              DSTRAT4       DSTRAT5       DSTRAT6       DSTRAT7       DSTRAT8
              ________      ________      ________      ________      ________
                0.000         0.000         0.000         0.000         0.000


           NU
              BLT           CBT           BXC
              ________      ________      ________
                0.000         0.000         0.000


           LAMBDA
              INT           SLOPE         DSTRAT2       DSTRAT3       DSTRAT4
              ________      ________      ________      ________      ________
 Y1             1.000         0.000         0.000         0.000         0.000
 Y2             1.000         0.500         0.000         0.000         0.000
 Y3             1.000         1.000         0.000         0.000         0.000
 DSTRAT2        0.000         0.000         1.000         0.000         0.000
 DSTRAT3        0.000         0.000         0.000         1.000         0.000
 DSTRAT4        0.000         0.000         0.000         0.000         1.000
 DSTRAT5        0.000         0.000         0.000         0.000         0.000
 DSTRAT6        0.000         0.000         0.000         0.000         0.000
 DSTRAT7        0.000         0.000         0.000         0.000         0.000
 DSTRAT8        0.000         0.000         0.000         0.000         0.000
 BLT            0.000         0.000         0.000         0.000         0.000
 CBT            0.000         0.000         0.000         0.000         0.000
 BXC            0.000         0.000         0.000         0.000         0.000


           LAMBDA
              DSTRAT5       DSTRAT6       DSTRAT7       DSTRAT8       BLT
              ________      ________      ________      ________      ________
 Y1             0.000         0.000         0.000         0.000         0.000
 Y2             0.000         0.000         0.000         0.000         0.000
 Y3             0.000         0.000         0.000         0.000         0.000
 DSTRAT2        0.000         0.000         0.000         0.000         0.000
 DSTRAT3        0.000         0.000         0.000         0.000         0.000
 DSTRAT4        0.000         0.000         0.000         0.000         0.000
 DSTRAT5        1.000         0.000         0.000         0.000         0.000
 DSTRAT6        0.000         1.000         0.000         0.000         0.000
 DSTRAT7        0.000         0.000         1.000         0.000         0.000
 DSTRAT8        0.000         0.000         0.000         1.000         0.000
 BLT            0.000         0.000         0.000         0.000         1.000
 CBT            0.000         0.000         0.000         0.000         0.000
 BXC            0.000         0.000         0.000         0.000         0.000


           LAMBDA
              CBT           BXC
              ________      ________
 Y1             0.000         0.000
 Y2             0.000         0.000
 Y3             0.000         0.000
 DSTRAT2        0.000         0.000
 DSTRAT3        0.000         0.000
 DSTRAT4        0.000         0.000
 DSTRAT5        0.000         0.000
 DSTRAT6        0.000         0.000
 DSTRAT7        0.000         0.000
 DSTRAT8        0.000         0.000
 BLT            0.000         0.000
 CBT            1.000         0.000
 BXC            0.000         1.000


           THETA
              Y1            Y2            Y3            DSTRAT2       DSTRAT3
              ________      ________      ________      ________      ________
 Y1            24.200
 Y2             0.000        24.200
 Y3             0.000         0.000        24.200
 DSTRAT2        0.000         0.000         0.000         0.000
 DSTRAT3        0.000         0.000         0.000         0.000         0.000
 DSTRAT4        0.000         0.000         0.000         0.000         0.000
 DSTRAT5        0.000         0.000         0.000         0.000         0.000
 DSTRAT6        0.000         0.000         0.000         0.000         0.000
 DSTRAT7        0.000         0.000         0.000         0.000         0.000
 DSTRAT8        0.000         0.000         0.000         0.000         0.000
 BLT            0.000         0.000         0.000         0.000         0.000
 CBT            0.000         0.000         0.000         0.000         0.000
 BXC            0.000         0.000         0.000         0.000         0.000


           THETA
              DSTRAT4       DSTRAT5       DSTRAT6       DSTRAT7       DSTRAT8
              ________      ________      ________      ________      ________
 DSTRAT4        0.000
 DSTRAT5        0.000         0.000
 DSTRAT6        0.000         0.000         0.000
 DSTRAT7        0.000         0.000         0.000         0.000
 DSTRAT8        0.000         0.000         0.000         0.000         0.000
 BLT            0.000         0.000         0.000         0.000         0.000
 CBT            0.000         0.000         0.000         0.000         0.000
 BXC            0.000         0.000         0.000         0.000         0.000


           THETA
              BLT           CBT           BXC
              ________      ________      ________
 BLT            0.000
 CBT            0.000         0.000
 BXC            0.000         0.000         0.000


           ALPHA
              INT           SLOPE         DSTRAT2       DSTRAT3       DSTRAT4
              ________      ________      ________      ________      ________
               52.200        -0.200         0.033         0.020         0.000


           ALPHA
              DSTRAT5       DSTRAT6       DSTRAT7       DSTRAT8       BLT
              ________      ________      ________      ________      ________
                0.113         0.010         0.007         0.000         0.500


           ALPHA
              CBT           BXC
              ________      ________
                0.447         0.147


           BETA
              INT           SLOPE         DSTRAT2       DSTRAT3       DSTRAT4
              ________      ________      ________      ________      ________
 INT            0.000         0.000         2.000         4.000         6.000
 SLOPE          0.000         0.000         0.000         0.000         0.000
 DSTRAT2        0.000         0.000         0.000         0.000         0.000
 DSTRAT3        0.000         0.000         0.000         0.000         0.000
 DSTRAT4        0.000         0.000         0.000         0.000         0.000
 DSTRAT5        0.000         0.000         0.000         0.000         0.000
 DSTRAT6        0.000         0.000         0.000         0.000         0.000
 DSTRAT7        0.000         0.000         0.000         0.000         0.000
 DSTRAT8        0.000         0.000         0.000         0.000         0.000
 BLT            0.000         0.000         0.000         0.000         0.000
 CBT            0.000         0.000         0.000         0.000         0.000
 BXC            0.000         0.000         0.000         0.000         0.000


           BETA
              DSTRAT5       DSTRAT6       DSTRAT7       DSTRAT8       BLT
              ________      ________      ________      ________      ________
 INT            0.000         2.000         4.000         6.000         0.000
 SLOPE          0.000         0.000         0.000         0.000        -4.000
 DSTRAT2        0.000         0.000         0.000         0.000         0.000
 DSTRAT3        0.000         0.000         0.000         0.000         0.000
 DSTRAT4        0.000         0.000         0.000         0.000         0.000
 DSTRAT5        0.000         0.000         0.000         0.000         0.000
 DSTRAT6        0.000         0.000         0.000         0.000         0.000
 DSTRAT7        0.000         0.000         0.000         0.000         0.000
 DSTRAT8        0.000         0.000         0.000         0.000         0.000
 BLT            0.000         0.000         0.000         0.000         0.000
 CBT            0.000         0.000         0.000         0.000         0.000
 BXC            0.000         0.000         0.000         0.000         0.000


           BETA
              CBT           BXC
              ________      ________
 INT            0.000         0.000
 SLOPE         -4.000         4.000
 DSTRAT2        0.000         0.000
 DSTRAT3        0.000         0.000
 DSTRAT4        0.000         0.000
 DSTRAT5        0.000         0.000
 DSTRAT6        0.000         0.000
 DSTRAT7        0.000         0.000
 DSTRAT8        0.000         0.000
 BLT            0.000         0.000
 CBT            0.000         0.000
 BXC            0.000         0.000


           PSI
              INT           SLOPE         DSTRAT2       DSTRAT3       DSTRAT4
              ________      ________      ________      ________      ________
 INT           31.600
 SLOPE         -6.500        24.300
 DSTRAT2        0.000         0.000         0.032
 DSTRAT3        0.000         0.000        -0.001         0.020
 DSTRAT4        0.000         0.000         0.000         0.000         0.000
 DSTRAT5        0.000         0.000        -0.004         0.001         0.000
 DSTRAT6        0.000         0.000         0.000         0.000         0.000
 DSTRAT7        0.000         0.000         0.000         0.000         0.000
 DSTRAT8        0.000         0.000         0.000         0.000         0.000
 BLT            0.000         0.000         0.007         0.000         0.000
 CBT            0.000         0.000        -0.005         0.001         0.000
 BXC            0.000         0.000        -0.002        -0.003         0.000


           PSI
              DSTRAT5       DSTRAT6       DSTRAT7       DSTRAT8       BLT
              ________      ________      ________      ________      ________
 DSTRAT5        0.100
 DSTRAT6       -0.001         0.010
 DSTRAT7       -0.001         0.000         0.007
 DSTRAT8        0.000         0.000         0.000         0.000
 BLT           -0.007         0.002        -0.003         0.000         0.250
 CBT            0.009        -0.004         0.000         0.000         0.010
 BXC           -0.007         0.002        -0.001         0.000         0.007


           PSI
              CBT           BXC
              ________      ________
 CBT            0.247
 BXC            0.011         0.125


     STARTING VALUES FOR THE ADDITIONAL PARAMETERS


           New/Additional Parameters
              SS1           SS2           SS3           SS4           MBLT
              ________      ________      ________      ________      ________
                0.500         0.500         0.500         0.500         0.500


           New/Additional Parameters
              MCBT
              ________
                0.500


     POPULATION VALUES


           NU
              Y1            Y2            Y3            DSTRAT2       DSTRAT3
              ________      ________      ________      ________      ________
                0.000         0.000         0.000         0.000         0.000


           NU
              DSTRAT4       DSTRAT5       DSTRAT6       DSTRAT7       DSTRAT8
              ________      ________      ________      ________      ________
                0.000         0.000         0.000         0.000         0.000


           NU
              BLT           CBT           BXC
              ________      ________      ________
                0.000         0.000         0.000


           LAMBDA
              INT           SLOPE         DSTRAT2       DSTRAT3       DSTRAT4
              ________      ________      ________      ________      ________
 Y1             1.000         0.000         0.000         0.000         0.000
 Y2             1.000         0.500         0.000         0.000         0.000
 Y3             1.000         1.000         0.000         0.000         0.000
 DSTRAT2        0.000         0.000         1.000         0.000         0.000
 DSTRAT3        0.000         0.000         0.000         1.000         0.000
 DSTRAT4        0.000         0.000         0.000         0.000         1.000
 DSTRAT5        0.000         0.000         0.000         0.000         0.000
 DSTRAT6        0.000         0.000         0.000         0.000         0.000
 DSTRAT7        0.000         0.000         0.000         0.000         0.000
 DSTRAT8        0.000         0.000         0.000         0.000         0.000
 BLT            0.000         0.000         0.000         0.000         0.000
 CBT            0.000         0.000         0.000         0.000         0.000
 BXC            0.000         0.000         0.000         0.000         0.000


           LAMBDA
              DSTRAT5       DSTRAT6       DSTRAT7       DSTRAT8       BLT
              ________      ________      ________      ________      ________
 Y1             0.000         0.000         0.000         0.000         0.000
 Y2             0.000         0.000         0.000         0.000         0.000
 Y3             0.000         0.000         0.000         0.000         0.000
 DSTRAT2        0.000         0.000         0.000         0.000         0.000
 DSTRAT3        0.000         0.000         0.000         0.000         0.000
 DSTRAT4        0.000         0.000         0.000         0.000         0.000
 DSTRAT5        1.000         0.000         0.000         0.000         0.000
 DSTRAT6        0.000         1.000         0.000         0.000         0.000
 DSTRAT7        0.000         0.000         1.000         0.000         0.000
 DSTRAT8        0.000         0.000         0.000         1.000         0.000
 BLT            0.000         0.000         0.000         0.000         1.000
 CBT            0.000         0.000         0.000         0.000         0.000
 BXC            0.000         0.000         0.000         0.000         0.000


           LAMBDA
              CBT           BXC
              ________      ________
 Y1             0.000         0.000
 Y2             0.000         0.000
 Y3             0.000         0.000
 DSTRAT2        0.000         0.000
 DSTRAT3        0.000         0.000
 DSTRAT4        0.000         0.000
 DSTRAT5        0.000         0.000
 DSTRAT6        0.000         0.000
 DSTRAT7        0.000         0.000
 DSTRAT8        0.000         0.000
 BLT            0.000         0.000
 CBT            1.000         0.000
 BXC            0.000         1.000


           THETA
              Y1            Y2            Y3            DSTRAT2       DSTRAT3
              ________      ________      ________      ________      ________
 Y1            24.200
 Y2             0.000        24.200
 Y3             0.000         0.000        24.200
 DSTRAT2        0.000         0.000         0.000         0.000
 DSTRAT3        0.000         0.000         0.000         0.000         0.000
 DSTRAT4        0.000         0.000         0.000         0.000         0.000
 DSTRAT5        0.000         0.000         0.000         0.000         0.000
 DSTRAT6        0.000         0.000         0.000         0.000         0.000
 DSTRAT7        0.000         0.000         0.000         0.000         0.000
 DSTRAT8        0.000         0.000         0.000         0.000         0.000
 BLT            0.000         0.000         0.000         0.000         0.000
 CBT            0.000         0.000         0.000         0.000         0.000
 BXC            0.000         0.000         0.000         0.000         0.000


           THETA
              DSTRAT4       DSTRAT5       DSTRAT6       DSTRAT7       DSTRAT8
              ________      ________      ________      ________      ________
 DSTRAT4        0.000
 DSTRAT5        0.000         0.000
 DSTRAT6        0.000         0.000         0.000
 DSTRAT7        0.000         0.000         0.000         0.000
 DSTRAT8        0.000         0.000         0.000         0.000         0.000
 BLT            0.000         0.000         0.000         0.000         0.000
 CBT            0.000         0.000         0.000         0.000         0.000
 BXC            0.000         0.000         0.000         0.000         0.000


           THETA
              BLT           CBT           BXC
              ________      ________      ________
 BLT            0.000
 CBT            0.000         0.000
 BXC            0.000         0.000         0.000


           ALPHA
              INT           SLOPE         DSTRAT2       DSTRAT3       DSTRAT4
              ________      ________      ________      ________      ________
               52.200        -0.200         0.000         0.000         0.000


           ALPHA
              DSTRAT5       DSTRAT6       DSTRAT7       DSTRAT8       BLT
              ________      ________      ________      ________      ________
                0.000         0.000         0.000         0.000         0.000


           ALPHA
              CBT           BXC
              ________      ________
                0.000         0.000


           BETA
              INT           SLOPE         DSTRAT2       DSTRAT3       DSTRAT4
              ________      ________      ________      ________      ________
 INT            0.000         0.000         2.000         4.000         6.000
 SLOPE          0.000         0.000         0.000         0.000         0.000
 DSTRAT2        0.000         0.000         0.000         0.000         0.000
 DSTRAT3        0.000         0.000         0.000         0.000         0.000
 DSTRAT4        0.000         0.000         0.000         0.000         0.000
 DSTRAT5        0.000         0.000         0.000         0.000         0.000
 DSTRAT6        0.000         0.000         0.000         0.000         0.000
 DSTRAT7        0.000         0.000         0.000         0.000         0.000
 DSTRAT8        0.000         0.000         0.000         0.000         0.000
 BLT            0.000         0.000         0.000         0.000         0.000
 CBT            0.000         0.000         0.000         0.000         0.000
 BXC            0.000         0.000         0.000         0.000         0.000


           BETA
              DSTRAT5       DSTRAT6       DSTRAT7       DSTRAT8       BLT
              ________      ________      ________      ________      ________
 INT            0.000         2.000         4.000         6.000         0.000
 SLOPE          0.000         0.000         0.000         0.000        -4.000
 DSTRAT2        0.000         0.000         0.000         0.000         0.000
 DSTRAT3        0.000         0.000         0.000         0.000         0.000
 DSTRAT4        0.000         0.000         0.000         0.000         0.000
 DSTRAT5        0.000         0.000         0.000         0.000         0.000
 DSTRAT6        0.000         0.000         0.000         0.000         0.000
 DSTRAT7        0.000         0.000         0.000         0.000         0.000
 DSTRAT8        0.000         0.000         0.000         0.000         0.000
 BLT            0.000         0.000         0.000         0.000         0.000
 CBT            0.000         0.000         0.000         0.000         0.000
 BXC            0.000         0.000         0.000         0.000         0.000


           BETA
              CBT           BXC
              ________      ________
 INT            0.000         0.000
 SLOPE         -4.000         4.000
 DSTRAT2        0.000         0.000
 DSTRAT3        0.000         0.000
 DSTRAT4        0.000         0.000
 DSTRAT5        0.000         0.000
 DSTRAT6        0.000         0.000
 DSTRAT7        0.000         0.000
 DSTRAT8        0.000         0.000
 BLT            0.000         0.000
 CBT            0.000         0.000
 BXC            0.000         0.000


           PSI
              INT           SLOPE         DSTRAT2       DSTRAT3       DSTRAT4
              ________      ________      ________      ________      ________
 INT           31.600
 SLOPE         -6.500        24.300
 DSTRAT2        0.000         0.000         1.000
 DSTRAT3        0.000         0.000         0.000         1.000
 DSTRAT4        0.000         0.000         0.000         0.000         1.000
 DSTRAT5        0.000         0.000         0.000         0.000         0.000
 DSTRAT6        0.000         0.000         0.000         0.000         0.000
 DSTRAT7        0.000         0.000         0.000         0.000         0.000
 DSTRAT8        0.000         0.000         0.000         0.000         0.000
 BLT            0.000         0.000         0.000         0.000         0.000
 CBT            0.000         0.000         0.000         0.000         0.000
 BXC            0.000         0.000         0.000         0.000         0.000


           PSI
              DSTRAT5       DSTRAT6       DSTRAT7       DSTRAT8       BLT
              ________      ________      ________      ________      ________
 DSTRAT5        1.000
 DSTRAT6        0.000         1.000
 DSTRAT7        0.000         0.000         1.000
 DSTRAT8        0.000         0.000         0.000         1.000
 BLT            0.000         0.000         0.000         0.000         1.000
 CBT            0.000         0.000         0.000         0.000         0.000
 BXC            0.000         0.000         0.000         0.000         0.000


           PSI
              CBT           BXC
              ________      ________
 CBT            1.000
 BXC            0.000         1.000


RESULTS SAVING INFORMATION

  Order of data

    Replication number
    Parameter estimates
     (saved in order shown in Technical 1 output)
    Standard errors
     (saved in order shown in Technical 1 output)
    Chi-square : Value
    Chi-square : Degrees of Freedom
    Chi-square : P-Value
    CFI
    TLI
    H0 Loglikelihood
    H1 Loglikelihood
    Number of Free Parameters
    Akaike (AIC)
    Bayesian (BIC)
    Sample-Size Adjusted BIC
    RMSEA : Estimate
    SRMR

  Save file
    sleepcare_sim_estimate.dat

  Save file format           Free


     Beginning Time:  05:32:13
        Ending Time:  05:32:17
       Elapsed Time:  00:00:04



MUTHEN & MUTHEN
3463 Stoner Ave.
Los Angeles, CA  90066

Tel: (310) 391-9971
Fax: (310) 391-8971
Web: www.StatModel.com
Support: Support@StatModel.com

Copyright (c) 1998-2019 Muthen & Muthen
