Mplus VERSION 8.4
MUTHEN & MUTHEN
02/08/2020   3:02 AM

INPUT INSTRUCTIONS

  TITLE:
  SleepCare Monte Carlo;
  MONTECARLO:

  NAMES ARE Y1 Y2 Y3 dstrat2 dstrat3 dstrat4
   dstrat5 dstrat6 dstrat7 dstrat8
   blt cbt bxc;
  NOBSERVATIONS = 300%;
  NREPS = 500;
  SEED = 58459;
  PATMISS = Y1(0) Y2(0.25) Y3(0.35);
  PATPROBS = 1;
  CUTPOINTS = dstrat2 (2.065) dstrat3 (2.065) dstrat4 (3.245)
   dstrat5 (1.237) dstrat6 (2.512) dstrat7 (2.512)
   dstrat8 (3.664)
   blt (0) cbt(0) bxc (1.098612);
  RESULTS = sleepcare_sim_estimate.dat;

  MODEL POPULATION:

  [Y1@0 Y2@0 Y3@0];
  Y1 - Y3@8.8726;
  dstrat2-bxc@1;
  int BY Y1@1 Y2@1 Y3@1;
  slope BY Y1@0 Y2@0.5 Y3@1;
  int ON
    dstrat2@5 dstrat3@1 dstrat4@6
    dstrat5@0 dstrat6@5 dstrat7@1
    dstrat8@6
    blt@0 cbt@0 bxc@0 ;
  slope ON blt@-3 cbt@-3 bxc@3 ;
  [int@8.469 slope@-2];
  int@12.2155 slope@6.765;
  int WITH slope@2.314;

  ANALYSIS:
  ESTIMATOR = ML; PROCESSORS = 4;
  MODEL:

  [Y1 - Y3@0]; ! fix residual intercepts to 0
  Y1-Y3*8.8726 (resvar); ! homogenous residual variances
  int BY Y1@1 Y2@1 Y3@1;
  slope BY Y1@0 Y2@0.5 Y3@1;
  int ON
    dstrat2@5 dstrat3@1 dstrat4@6
    dstrat5@0 dstrat6@5 dstrat7@1
    dstrat8@6
    blt@0 cbt@0 bxc@0 ;
  slope ON blt*-3 cbt*-3 bxc*3 (s1-s3);
  [int*8.469 slope*-2] (int1-int2);
  int*12.2155 slope*6.765;
  int WITH slope*2.314;

  MODEL CONSTRAINT:

  NEW(ss1 ss2 ss3 ss4 mblt mcbt);
  ss1 = int2;
  ss2 = ss1 + s1;
  ss3 = ss1 + s2;
  ss4 = ss1 + s3;
  mblt = s1 + (s3/2);
  mcbt = s2 + (s3/2);




INPUT READING TERMINATED NORMALLY




SleepCare Monte Carlo;

SUMMARY OF ANALYSIS

Number of groups                                                 1
Number of observations                                         300

Number of replications
    Requested                                                  500
    Completed                                                  500
Value of seed                                                58459

Number of dependent variables                                    3
Number of independent variables                                 10
Number of continuous latent variables                            2

Observed dependent variables

  Continuous
   Y1          Y2          Y3

Observed independent variables
   DSTRAT2     DSTRAT3     DSTRAT4     DSTRAT5     DSTRAT6     DSTRAT7
   DSTRAT8     BLT         CBT         BXC

Continuous latent variables
   INT         SLOPE


Estimator                                                       ML
Information matrix                                        OBSERVED
Maximum number of iterations                                  1000
Convergence criterion                                    0.500D-04
Maximum number of steepest descent iterations                   20
Maximum number of iterations for H1                           2000
Convergence criterion for H1                             0.100D-03


SUMMARY OF DATA FOR THE FIRST REPLICATION

     Number of missing data patterns             4


SUMMARY OF MISSING DATA PATTERNS FOR THE FIRST REPLICATION


     MISSING DATA PATTERNS (x = not missing)

           1  2  3  4
 Y1        x  x  x  x
 Y2        x  x
 Y3        x     x
 DSTRAT2   x  x  x  x
 DSTRAT3   x  x  x  x
 DSTRAT4   x  x  x  x
 DSTRAT5   x  x  x  x
 DSTRAT6   x  x  x  x
 DSTRAT7   x  x  x  x
 DSTRAT8   x  x  x  x
 BLT       x  x  x  x
 CBT       x  x  x  x
 BXC       x  x  x  x


     MISSING DATA PATTERN FREQUENCIES

    Pattern   Frequency     Pattern   Frequency     Pattern   Frequency
          1         144           3          47
          2          83           4          26


COVARIANCE COVERAGE OF DATA FOR THE FIRST REPLICATION

Minimum covariance coverage value   0.100


     PROPORTION OF DATA PRESENT


           Covariance Coverage
              Y1            Y2            Y3            DSTRAT2       DSTRAT3
              ________      ________      ________      ________      ________
 Y1             1.000
 Y2             0.757         0.757
 Y3             0.637         0.480         0.637
 DSTRAT2        1.000         0.757         0.637         1.000
 DSTRAT3        1.000         0.757         0.637         1.000         1.000
 DSTRAT4        1.000         0.757         0.637         1.000         1.000
 DSTRAT5        1.000         0.757         0.637         1.000         1.000
 DSTRAT6        1.000         0.757         0.637         1.000         1.000
 DSTRAT7        1.000         0.757         0.637         1.000         1.000
 DSTRAT8        1.000         0.757         0.637         1.000         1.000
 BLT            1.000         0.757         0.637         1.000         1.000
 CBT            1.000         0.757         0.637         1.000         1.000
 BXC            1.000         0.757         0.637         1.000         1.000


           Covariance Coverage
              DSTRAT4       DSTRAT5       DSTRAT6       DSTRAT7       DSTRAT8
              ________      ________      ________      ________      ________
 DSTRAT4        1.000
 DSTRAT5        1.000         1.000
 DSTRAT6        1.000         1.000         1.000
 DSTRAT7        1.000         1.000         1.000         1.000
 DSTRAT8        1.000         1.000         1.000         1.000         1.000
 BLT            1.000         1.000         1.000         1.000         1.000
 CBT            1.000         1.000         1.000         1.000         1.000
 BXC            1.000         1.000         1.000         1.000         1.000


           Covariance Coverage
              BLT           CBT           BXC
              ________      ________      ________
 BLT            1.000
 CBT            1.000         1.000
 BXC            1.000         1.000         1.000



SAMPLE STATISTICS FOR THE FIRST REPLICATION


     ESTIMATED SAMPLE STATISTICS


           Means
              Y1            Y2            Y3            DSTRAT2       DSTRAT3
              ________      ________      ________      ________      ________
                8.207         6.140         4.017         0.033         0.020


           Means
              DSTRAT4       DSTRAT5       DSTRAT6       DSTRAT7       DSTRAT8
              ________      ________      ________      ________      ________
                0.000         0.113         0.010         0.007         0.000


           Means
              BLT           CBT           BXC
              ________      ________      ________
                0.500         0.447         0.147


           Covariances
              Y1            Y2            Y3            DSTRAT2       DSTRAT3
              ________      ________      ________      ________      ________
 Y1            21.288
 Y2            12.087        23.971
 Y3            11.672        19.645        38.058
 DSTRAT2        0.119         0.035         0.065         0.032
 DSTRAT3        0.041         0.052         0.048        -0.001         0.020
 DSTRAT4        0.000         0.000         0.000         0.000         0.000
 DSTRAT5       -0.149        -0.125        -0.144        -0.004         0.001
 DSTRAT6        0.026         0.031         0.110         0.000         0.000
 DSTRAT7       -0.010        -0.031         0.030         0.000         0.000
 DSTRAT8        0.000         0.000         0.000         0.000         0.000
 BLT            0.313        -0.189        -0.613         0.007         0.000
 CBT            0.105        -0.149        -0.835        -0.005         0.001
 BXC           -0.011         0.170         0.329        -0.002        -0.003


           Covariances
              DSTRAT4       DSTRAT5       DSTRAT6       DSTRAT7       DSTRAT8
              ________      ________      ________      ________      ________
 DSTRAT4        0.000
 DSTRAT5        0.000         0.100
 DSTRAT6        0.000        -0.001         0.010
 DSTRAT7        0.000        -0.001         0.000         0.007
 DSTRAT8        0.000         0.000         0.000         0.000         0.000
 BLT            0.000        -0.007         0.002        -0.003         0.000
 CBT            0.000         0.009        -0.004         0.000         0.000
 BXC            0.000        -0.007         0.002        -0.001         0.000


           Covariances
              BLT           CBT           BXC
              ________      ________      ________
 BLT            0.250
 CBT            0.010         0.247
 BXC            0.007         0.011         0.125


           Correlations
              Y1            Y2            Y3            DSTRAT2       DSTRAT3
              ________      ________      ________      ________      ________
 Y1             1.000
 Y2             0.535         1.000
 Y3             0.410         0.650         1.000
 DSTRAT2        0.143         0.040         0.059         1.000
 DSTRAT3        0.064         0.075         0.056        -0.027         1.000
 DSTRAT4        0.000         0.000         0.000         0.000         0.000
 DSTRAT5       -0.102        -0.081        -0.074        -0.066         0.024
 DSTRAT6        0.058         0.064         0.180        -0.019        -0.014
 DSTRAT7       -0.027        -0.077         0.060        -0.015        -0.012
 DSTRAT8        0.000         0.000         0.000         0.000         0.000
 BLT            0.136        -0.077        -0.199         0.074         0.000
 CBT            0.046        -0.061        -0.272        -0.055         0.015
 BXC           -0.006         0.098         0.151        -0.024        -0.059


           Correlations
              DSTRAT4       DSTRAT5       DSTRAT6       DSTRAT7       DSTRAT8
              ________      ________      ________      ________      ________
 DSTRAT4        1.000
 DSTRAT5        0.000         1.000
 DSTRAT6        0.000        -0.036         1.000
 DSTRAT7        0.000        -0.029        -0.008         1.000
 DSTRAT8        0.000         0.000         0.000         0.000         1.000
 BLT            0.000        -0.042         0.034        -0.082         0.000
 CBT            0.000         0.060        -0.090         0.009         0.000
 BXC            0.000        -0.059         0.053        -0.034         0.000


           Correlations
              BLT           CBT           BXC
              ________      ________      ________
 BLT            1.000
 CBT            0.040         1.000
 BXC            0.038         0.063         1.000


     MAXIMUM LOG-LIKELIHOOD VALUE FOR THE UNRESTRICTED (H1) MODEL IS 77.257


MODEL FIT INFORMATION

Number of Free Parameters                        9

Loglikelihood

    H0 Value

        Mean                             -2070.129
        Std Dev                             37.477
        Number of successful computations      500

             Proportions                   Percentiles
        Expected    Observed         Expected       Observed
           0.990       0.992        -2157.310      -2153.975
           0.980       0.982        -2147.094      -2146.844
           0.950       0.958        -2131.774      -2129.656
           0.900       0.912        -2118.159      -2117.277
           0.800       0.778        -2101.669      -2103.708
           0.700       0.690        -2089.781      -2091.083
           0.500       0.500        -2070.129      -2070.145
           0.300       0.316        -2050.476      -2049.265
           0.200       0.200        -2038.588      -2039.326
           0.100       0.090        -2022.099      -2024.587
           0.050       0.048        -2008.484      -2009.657
           0.020       0.026        -1993.163      -1990.649
           0.010       0.012        -1982.947      -1977.094

    H1 Value

        Mean                             -2058.442
        Std Dev                             37.702
        Number of successful computations      500

             Proportions                   Percentiles
        Expected    Observed         Expected       Observed
           0.990       0.992        -2146.148      -2144.729
           0.980       0.980        -2135.870      -2137.592
           0.950       0.958        -2120.458      -2117.543
           0.900       0.908        -2106.761      -2106.567
           0.800       0.782        -2090.172      -2092.739
           0.700       0.690        -2078.213      -2079.076
           0.500       0.504        -2058.442      -2058.136
           0.300       0.300        -2038.671      -2038.675
           0.200       0.200        -2026.712      -2027.187
           0.100       0.084        -2010.124      -2013.181
           0.050       0.048        -1996.427      -1998.253
           0.020       0.026        -1981.014      -1977.607
           0.010       0.012        -1970.737      -1966.665

Information Criteria

    Akaike (AIC)

        Mean                              4158.257
        Std Dev                             74.953
        Number of successful computations      500

             Proportions                   Percentiles
        Expected    Observed         Expected       Observed
           0.990       0.988         3983.894       3970.185
           0.980       0.974         4004.326       3994.264
           0.950       0.952         4034.967       4036.579
           0.900       0.910         4062.198       4066.022
           0.800       0.800         4095.177       4094.717
           0.700       0.684         4118.952       4116.351
           0.500       0.500         4158.257       4157.796
           0.300       0.310         4197.563       4199.573
           0.200       0.222         4221.338       4224.831
           0.100       0.088         4254.317       4252.068
           0.050       0.042         4281.548       4276.542
           0.020       0.018         4312.188       4310.024
           0.010       0.008         4332.621       4318.987

    Bayesian (BIC)

        Mean                              4191.591
        Std Dev                             74.953
        Number of successful computations      500

             Proportions                   Percentiles
        Expected    Observed         Expected       Observed
           0.990       0.988         4017.228       4003.519
           0.980       0.974         4037.660       4027.598
           0.950       0.952         4068.301       4069.913
           0.900       0.910         4095.532       4099.356
           0.800       0.800         4128.511       4128.051
           0.700       0.684         4152.286       4149.685
           0.500       0.500         4191.591       4191.130
           0.300       0.310         4230.897       4232.907
           0.200       0.222         4254.672       4258.165
           0.100       0.088         4287.651       4285.402
           0.050       0.042         4314.882       4309.876
           0.020       0.018         4345.522       4343.358
           0.010       0.008         4365.955       4352.321

    Sample-Size Adjusted BIC (n* = (n + 2) / 24)

        Mean                              4163.049
        Std Dev                             74.953
        Number of successful computations      500

             Proportions                   Percentiles
        Expected    Observed         Expected       Observed
           0.990       0.988         3988.685       3974.977
           0.980       0.974         4009.118       3999.055
           0.950       0.952         4039.758       4041.370
           0.900       0.910         4066.989       4070.814
           0.800       0.800         4099.968       4099.508
           0.700       0.684         4123.743       4121.142
           0.500       0.500         4163.049       4162.587
           0.300       0.310         4202.354       4204.364
           0.200       0.222         4226.129       4229.623
           0.100       0.088         4259.108       4256.860
           0.050       0.042         4286.339       4281.333
           0.020       0.018         4316.980       4314.815
           0.010       0.008         4337.412       4323.778

Chi-Square Test of Model Fit

        Degrees of freedom                      30

        Mean                                23.373
        Std Dev                              7.040
        Number of successful computations      500

             Proportions                   Percentiles
        Expected    Observed         Expected       Observed
           0.990       0.906           14.953         10.416
           0.980       0.868           16.306         11.027
           0.950       0.736           18.493         12.850
           0.900       0.626           20.599         15.083
           0.800       0.484           23.364         17.432
           0.700       0.342           25.508         19.181
           0.500       0.166           29.336         22.799
           0.300       0.076           33.530         26.233
           0.200       0.046           36.250         28.429
           0.100       0.024           40.256         32.083
           0.050       0.014           43.773         35.752
           0.020       0.008           47.962         41.420
           0.010       0.002           50.892         45.059

RMSEA (Root Mean Square Error Of Approximation)

        Mean                                 0.003
        Std Dev                              0.009
        Number of successful computations      500

        Cumulative Distribution Function
           Value    Function Value
           0.990       1.000
           0.980       1.000
           0.950       1.000
           0.900       1.000
           0.800       1.000
           0.700       1.000
           0.500       1.000
           0.300       1.000
           0.200       1.000
           0.100       1.000
           0.050       0.998
           0.020       0.924
           0.010       0.876

CFI/TLI

    CFI

        Mean                                 0.997
        Std Dev                              0.010
        Number of successful computations      500

        Cumulative Distribution Function
           Value    Function Value
           0.990       0.086
           0.980       0.054
           0.950       0.016
           0.900       0.000
           0.800       0.000
           0.700       0.000
           0.500       0.000
           0.300       0.000
           0.200       0.000
           0.100       0.000
           0.050       0.000
           0.020       0.000
           0.010       0.000

    TLI

        Mean                                 0.997
        Std Dev                              0.011
        Number of successful computations      500

        Cumulative Distribution Function
           Value    Function Value
           0.990       0.094
           0.980       0.056
           0.950       0.018
           0.900       0.000
           0.800       0.000
           0.700       0.000
           0.500       0.000
           0.300       0.000
           0.200       0.000
           0.100       0.000
           0.050       0.000
           0.020       0.000
           0.010       0.000

SRMR (Standardized Root Mean Square Residual)

        Mean                                 0.046
        Std Dev                              0.008
        Number of successful computations      500

        Cumulative Distribution Function
           Value    Function Value
           0.990       1.000
           0.980       1.000
           0.950       1.000
           0.900       1.000
           0.800       1.000
           0.700       1.000
           0.500       1.000
           0.300       1.000
           0.200       1.000
           0.100       1.000
           0.050       0.710
           0.020       0.000
           0.010       0.000


MODEL RESULTS

                              ESTIMATES              S. E.     M. S. E.  95%  % Sig
                 Population   Average   Std. Dev.   Average             Cover Coeff

 INT      BY
  Y1                  1.000     1.0000     0.0000     0.0000     0.0000 1.000 0.000
  Y2                  1.000     1.0000     0.0000     0.0000     0.0000 1.000 0.000
  Y3                  1.000     1.0000     0.0000     0.0000     0.0000 1.000 0.000

 SLOPE    BY
  Y1                  0.000     0.0000     0.0000     0.0000     0.0000 1.000 0.000
  Y2                  0.500     0.5000     0.0000     0.0000     0.0000 1.000 0.000
  Y3                  1.000     1.0000     0.0000     0.0000     0.0000 1.000 0.000

 INT      ON
  DSTRAT2             5.000     5.0000     0.0000     0.0000     0.0000 1.000 0.000
  DSTRAT3             1.000     1.0000     0.0000     0.0000     0.0000 1.000 0.000
  DSTRAT4             6.000     6.0000     0.0000     0.0000     0.0000 1.000 0.000
  DSTRAT5             0.000     0.0000     0.0000     0.0000     0.0000 1.000 0.000
  DSTRAT6             5.000     5.0000     0.0000     0.0000     0.0000 1.000 0.000
  DSTRAT7             1.000     1.0000     0.0000     0.0000     0.0000 1.000 0.000
  DSTRAT8             6.000     6.0000     0.0000     0.0000     0.0000 1.000 0.000
  BLT                 0.000     0.0000     0.0000     0.0000     0.0000 1.000 0.000
  CBT                 0.000     0.0000     0.0000     0.0000     0.0000 1.000 0.000
  BXC                 0.000     0.0000     0.0000     0.0000     0.0000 1.000 0.000

 SLOPE    ON
  BLT                -3.000    -3.0265     0.6424     0.6349     0.4125 0.944 0.998
  CBT                -3.000    -3.0134     0.6233     0.6346     0.3879 0.956 0.996
  BXC                 3.000     2.9388     0.8831     0.9350     0.7820 0.960 0.888

 INT      WITH
  SLOPE               2.314     2.4157     1.8495     1.8260     3.4243 0.944 0.252

 Intercepts
  Y1                  0.000     0.0000     0.0000     0.0000     0.0000 1.000 0.000
  Y2                  0.000     0.0000     0.0000     0.0000     0.0000 1.000 0.000
  Y3                  0.000     0.0000     0.0000     0.0000     0.0000 1.000 0.000
  INT                 8.469     8.4755     0.2570     0.2581     0.0660 0.954 1.000
  SLOPE              -2.000    -1.9652     0.5698     0.5709     0.3252 0.948 0.940

 Residual Variances
  Y1                  8.873     8.9182     0.9753     0.9344     0.9515 0.944 1.000
  Y2                  8.873     8.9182     0.9753     0.9344     0.9515 0.944 1.000
  Y3                  8.873     8.9182     0.9753     0.9344     0.9515 0.944 1.000
  INT                12.215    12.0828     1.8327     1.8304     3.3696 0.932 1.000
  SLOPE               6.765     6.2415     3.3782     3.1855    11.6637 0.926 0.498

New/Additional Parameters
  SS1                 0.500    -1.9652     0.5698     0.5709     6.4010 0.012 0.940
  SS2                 0.500    -4.9916     0.5525     0.5705    30.4625 0.000 1.000
  SS3                 0.500    -4.9785     0.5895     0.5721    30.3612 0.000 1.000
  SS4                 0.500     0.9737     0.9459     0.9850     1.1173 0.940 0.152
  MBLT                0.500    -1.5570     0.8035     0.7889     4.8757 0.256 0.482
  MCBT                0.500    -1.5440     0.7595     0.7866     4.7534 0.246 0.494


QUALITY OF NUMERICAL RESULTS

     Average Condition Number for the Information Matrix      0.317E-02
       (ratio of smallest to largest eigenvalue)


TECHNICAL OUTPUT


     PARAMETER SPECIFICATION


           NU
              Y1            Y2            Y3            DSTRAT2       DSTRAT3
              ________      ________      ________      ________      ________
                  0             0             0             0             0


           NU
              DSTRAT4       DSTRAT5       DSTRAT6       DSTRAT7       DSTRAT8
              ________      ________      ________      ________      ________
                  0             0             0             0             0


           NU
              BLT           CBT           BXC
              ________      ________      ________
                  0             0             0


           LAMBDA
              INT           SLOPE         DSTRAT2       DSTRAT3       DSTRAT4
              ________      ________      ________      ________      ________
 Y1                 0             0             0             0             0
 Y2                 0             0             0             0             0
 Y3                 0             0             0             0             0
 DSTRAT2            0             0             0             0             0
 DSTRAT3            0             0             0             0             0
 DSTRAT4            0             0             0             0             0
 DSTRAT5            0             0             0             0             0
 DSTRAT6            0             0             0             0             0
 DSTRAT7            0             0             0             0             0
 DSTRAT8            0             0             0             0             0
 BLT                0             0             0             0             0
 CBT                0             0             0             0             0
 BXC                0             0             0             0             0


           LAMBDA
              DSTRAT5       DSTRAT6       DSTRAT7       DSTRAT8       BLT
              ________      ________      ________      ________      ________
 Y1                 0             0             0             0             0
 Y2                 0             0             0             0             0
 Y3                 0             0             0             0             0
 DSTRAT2            0             0             0             0             0
 DSTRAT3            0             0             0             0             0
 DSTRAT4            0             0             0             0             0
 DSTRAT5            0             0             0             0             0
 DSTRAT6            0             0             0             0             0
 DSTRAT7            0             0             0             0             0
 DSTRAT8            0             0             0             0             0
 BLT                0             0             0             0             0
 CBT                0             0             0             0             0
 BXC                0             0             0             0             0


           LAMBDA
              CBT           BXC
              ________      ________
 Y1                 0             0
 Y2                 0             0
 Y3                 0             0
 DSTRAT2            0             0
 DSTRAT3            0             0
 DSTRAT4            0             0
 DSTRAT5            0             0
 DSTRAT6            0             0
 DSTRAT7            0             0
 DSTRAT8            0             0
 BLT                0             0
 CBT                0             0
 BXC                0             0


           THETA
              Y1            Y2            Y3            DSTRAT2       DSTRAT3
              ________      ________      ________      ________      ________
 Y1                 1
 Y2                 0             1
 Y3                 0             0             1
 DSTRAT2            0             0             0             0
 DSTRAT3            0             0             0             0             0
 DSTRAT4            0             0             0             0             0
 DSTRAT5            0             0             0             0             0
 DSTRAT6            0             0             0             0             0
 DSTRAT7            0             0             0             0             0
 DSTRAT8            0             0             0             0             0
 BLT                0             0             0             0             0
 CBT                0             0             0             0             0
 BXC                0             0             0             0             0


           THETA
              DSTRAT4       DSTRAT5       DSTRAT6       DSTRAT7       DSTRAT8
              ________      ________      ________      ________      ________
 DSTRAT4            0
 DSTRAT5            0             0
 DSTRAT6            0             0             0
 DSTRAT7            0             0             0             0
 DSTRAT8            0             0             0             0             0
 BLT                0             0             0             0             0
 CBT                0             0             0             0             0
 BXC                0             0             0             0             0


           THETA
              BLT           CBT           BXC
              ________      ________      ________
 BLT                0
 CBT                0             0
 BXC                0             0             0


           ALPHA
              INT           SLOPE         DSTRAT2       DSTRAT3       DSTRAT4
              ________      ________      ________      ________      ________
                  2             3             0             0             0


           ALPHA
              DSTRAT5       DSTRAT6       DSTRAT7       DSTRAT8       BLT
              ________      ________      ________      ________      ________
                  0             0             0             0             0


           ALPHA
              CBT           BXC
              ________      ________
                  0             0


           BETA
              INT           SLOPE         DSTRAT2       DSTRAT3       DSTRAT4
              ________      ________      ________      ________      ________
 INT                0             0             0             0             0
 SLOPE              0             0             0             0             0
 DSTRAT2            0             0             0             0             0
 DSTRAT3            0             0             0             0             0
 DSTRAT4            0             0             0             0             0
 DSTRAT5            0             0             0             0             0
 DSTRAT6            0             0             0             0             0
 DSTRAT7            0             0             0             0             0
 DSTRAT8            0             0             0             0             0
 BLT                0             0             0             0             0
 CBT                0             0             0             0             0
 BXC                0             0             0             0             0


           BETA
              DSTRAT5       DSTRAT6       DSTRAT7       DSTRAT8       BLT
              ________      ________      ________      ________      ________
 INT                0             0             0             0             0
 SLOPE              0             0             0             0             4
 DSTRAT2            0             0             0             0             0
 DSTRAT3            0             0             0             0             0
 DSTRAT4            0             0             0             0             0
 DSTRAT5            0             0             0             0             0
 DSTRAT6            0             0             0             0             0
 DSTRAT7            0             0             0             0             0
 DSTRAT8            0             0             0             0             0
 BLT                0             0             0             0             0
 CBT                0             0             0             0             0
 BXC                0             0             0             0             0


           BETA
              CBT           BXC
              ________      ________
 INT                0             0
 SLOPE              5             6
 DSTRAT2            0             0
 DSTRAT3            0             0
 DSTRAT4            0             0
 DSTRAT5            0             0
 DSTRAT6            0             0
 DSTRAT7            0             0
 DSTRAT8            0             0
 BLT                0             0
 CBT                0             0
 BXC                0             0


           PSI
              INT           SLOPE         DSTRAT2       DSTRAT3       DSTRAT4
              ________      ________      ________      ________      ________
 INT                7
 SLOPE              8             9
 DSTRAT2            0             0             0
 DSTRAT3            0             0             0             0
 DSTRAT4            0             0             0             0             0
 DSTRAT5            0             0             0             0             0
 DSTRAT6            0             0             0             0             0
 DSTRAT7            0             0             0             0             0
 DSTRAT8            0             0             0             0             0
 BLT                0             0             0             0             0
 CBT                0             0             0             0             0
 BXC                0             0             0             0             0


           PSI
              DSTRAT5       DSTRAT6       DSTRAT7       DSTRAT8       BLT
              ________      ________      ________      ________      ________
 DSTRAT5            0
 DSTRAT6            0             0
 DSTRAT7            0             0             0
 DSTRAT8            0             0             0             0
 BLT                0             0             0             0             0
 CBT                0             0             0             0             0
 BXC                0             0             0             0             0


           PSI
              CBT           BXC
              ________      ________
 CBT                0
 BXC                0             0


     PARAMETER SPECIFICATION FOR THE ADDITIONAL PARAMETERS


           New/Additional Parameters
              SS1           SS2           SS3           SS4           MBLT
              ________      ________      ________      ________      ________
                   10            11            12            13            14


           New/Additional Parameters
              MCBT
              ________
                   15


     STARTING VALUES


           NU
              Y1            Y2            Y3            DSTRAT2       DSTRAT3
              ________      ________      ________      ________      ________
                0.000         0.000         0.000         0.000         0.000


           NU
              DSTRAT4       DSTRAT5       DSTRAT6       DSTRAT7       DSTRAT8
              ________      ________      ________      ________      ________
                0.000         0.000         0.000         0.000         0.000


           NU
              BLT           CBT           BXC
              ________      ________      ________
                0.000         0.000         0.000


           LAMBDA
              INT           SLOPE         DSTRAT2       DSTRAT3       DSTRAT4
              ________      ________      ________      ________      ________
 Y1             1.000         0.000         0.000         0.000         0.000
 Y2             1.000         0.500         0.000         0.000         0.000
 Y3             1.000         1.000         0.000         0.000         0.000
 DSTRAT2        0.000         0.000         1.000         0.000         0.000
 DSTRAT3        0.000         0.000         0.000         1.000         0.000
 DSTRAT4        0.000         0.000         0.000         0.000         1.000
 DSTRAT5        0.000         0.000         0.000         0.000         0.000
 DSTRAT6        0.000         0.000         0.000         0.000         0.000
 DSTRAT7        0.000         0.000         0.000         0.000         0.000
 DSTRAT8        0.000         0.000         0.000         0.000         0.000
 BLT            0.000         0.000         0.000         0.000         0.000
 CBT            0.000         0.000         0.000         0.000         0.000
 BXC            0.000         0.000         0.000         0.000         0.000


           LAMBDA
              DSTRAT5       DSTRAT6       DSTRAT7       DSTRAT8       BLT
              ________      ________      ________      ________      ________
 Y1             0.000         0.000         0.000         0.000         0.000
 Y2             0.000         0.000         0.000         0.000         0.000
 Y3             0.000         0.000         0.000         0.000         0.000
 DSTRAT2        0.000         0.000         0.000         0.000         0.000
 DSTRAT3        0.000         0.000         0.000         0.000         0.000
 DSTRAT4        0.000         0.000         0.000         0.000         0.000
 DSTRAT5        1.000         0.000         0.000         0.000         0.000
 DSTRAT6        0.000         1.000         0.000         0.000         0.000
 DSTRAT7        0.000         0.000         1.000         0.000         0.000
 DSTRAT8        0.000         0.000         0.000         1.000         0.000
 BLT            0.000         0.000         0.000         0.000         1.000
 CBT            0.000         0.000         0.000         0.000         0.000
 BXC            0.000         0.000         0.000         0.000         0.000


           LAMBDA
              CBT           BXC
              ________      ________
 Y1             0.000         0.000
 Y2             0.000         0.000
 Y3             0.000         0.000
 DSTRAT2        0.000         0.000
 DSTRAT3        0.000         0.000
 DSTRAT4        0.000         0.000
 DSTRAT5        0.000         0.000
 DSTRAT6        0.000         0.000
 DSTRAT7        0.000         0.000
 DSTRAT8        0.000         0.000
 BLT            0.000         0.000
 CBT            1.000         0.000
 BXC            0.000         1.000


           THETA
              Y1            Y2            Y3            DSTRAT2       DSTRAT3
              ________      ________      ________      ________      ________
 Y1             8.873
 Y2             0.000         8.873
 Y3             0.000         0.000         8.873
 DSTRAT2        0.000         0.000         0.000         0.000
 DSTRAT3        0.000         0.000         0.000         0.000         0.000
 DSTRAT4        0.000         0.000         0.000         0.000         0.000
 DSTRAT5        0.000         0.000         0.000         0.000         0.000
 DSTRAT6        0.000         0.000         0.000         0.000         0.000
 DSTRAT7        0.000         0.000         0.000         0.000         0.000
 DSTRAT8        0.000         0.000         0.000         0.000         0.000
 BLT            0.000         0.000         0.000         0.000         0.000
 CBT            0.000         0.000         0.000         0.000         0.000
 BXC            0.000         0.000         0.000         0.000         0.000


           THETA
              DSTRAT4       DSTRAT5       DSTRAT6       DSTRAT7       DSTRAT8
              ________      ________      ________      ________      ________
 DSTRAT4        0.000
 DSTRAT5        0.000         0.000
 DSTRAT6        0.000         0.000         0.000
 DSTRAT7        0.000         0.000         0.000         0.000
 DSTRAT8        0.000         0.000         0.000         0.000         0.000
 BLT            0.000         0.000         0.000         0.000         0.000
 CBT            0.000         0.000         0.000         0.000         0.000
 BXC            0.000         0.000         0.000         0.000         0.000


           THETA
              BLT           CBT           BXC
              ________      ________      ________
 BLT            0.000
 CBT            0.000         0.000
 BXC            0.000         0.000         0.000


           ALPHA
              INT           SLOPE         DSTRAT2       DSTRAT3       DSTRAT4
              ________      ________      ________      ________      ________
                8.469        -2.000         0.033         0.020         0.000


           ALPHA
              DSTRAT5       DSTRAT6       DSTRAT7       DSTRAT8       BLT
              ________      ________      ________      ________      ________
                0.113         0.010         0.007         0.000         0.500


           ALPHA
              CBT           BXC
              ________      ________
                0.447         0.147


           BETA
              INT           SLOPE         DSTRAT2       DSTRAT3       DSTRAT4
              ________      ________      ________      ________      ________
 INT            0.000         0.000         5.000         1.000         6.000
 SLOPE          0.000         0.000         0.000         0.000         0.000
 DSTRAT2        0.000         0.000         0.000         0.000         0.000
 DSTRAT3        0.000         0.000         0.000         0.000         0.000
 DSTRAT4        0.000         0.000         0.000         0.000         0.000
 DSTRAT5        0.000         0.000         0.000         0.000         0.000
 DSTRAT6        0.000         0.000         0.000         0.000         0.000
 DSTRAT7        0.000         0.000         0.000         0.000         0.000
 DSTRAT8        0.000         0.000         0.000         0.000         0.000
 BLT            0.000         0.000         0.000         0.000         0.000
 CBT            0.000         0.000         0.000         0.000         0.000
 BXC            0.000         0.000         0.000         0.000         0.000


           BETA
              DSTRAT5       DSTRAT6       DSTRAT7       DSTRAT8       BLT
              ________      ________      ________      ________      ________
 INT            0.000         5.000         1.000         6.000         0.000
 SLOPE          0.000         0.000         0.000         0.000        -3.000
 DSTRAT2        0.000         0.000         0.000         0.000         0.000
 DSTRAT3        0.000         0.000         0.000         0.000         0.000
 DSTRAT4        0.000         0.000         0.000         0.000         0.000
 DSTRAT5        0.000         0.000         0.000         0.000         0.000
 DSTRAT6        0.000         0.000         0.000         0.000         0.000
 DSTRAT7        0.000         0.000         0.000         0.000         0.000
 DSTRAT8        0.000         0.000         0.000         0.000         0.000
 BLT            0.000         0.000         0.000         0.000         0.000
 CBT            0.000         0.000         0.000         0.000         0.000
 BXC            0.000         0.000         0.000         0.000         0.000


           BETA
              CBT           BXC
              ________      ________
 INT            0.000         0.000
 SLOPE         -3.000         3.000
 DSTRAT2        0.000         0.000
 DSTRAT3        0.000         0.000
 DSTRAT4        0.000         0.000
 DSTRAT5        0.000         0.000
 DSTRAT6        0.000         0.000
 DSTRAT7        0.000         0.000
 DSTRAT8        0.000         0.000
 BLT            0.000         0.000
 CBT            0.000         0.000
 BXC            0.000         0.000


           PSI
              INT           SLOPE         DSTRAT2       DSTRAT3       DSTRAT4
              ________      ________      ________      ________      ________
 INT           12.215
 SLOPE          2.314         6.765
 DSTRAT2        0.000         0.000         0.032
 DSTRAT3        0.000         0.000        -0.001         0.020
 DSTRAT4        0.000         0.000         0.000         0.000         0.000
 DSTRAT5        0.000         0.000        -0.004         0.001         0.000
 DSTRAT6        0.000         0.000         0.000         0.000         0.000
 DSTRAT7        0.000         0.000         0.000         0.000         0.000
 DSTRAT8        0.000         0.000         0.000         0.000         0.000
 BLT            0.000         0.000         0.007         0.000         0.000
 CBT            0.000         0.000        -0.005         0.001         0.000
 BXC            0.000         0.000        -0.002        -0.003         0.000


           PSI
              DSTRAT5       DSTRAT6       DSTRAT7       DSTRAT8       BLT
              ________      ________      ________      ________      ________
 DSTRAT5        0.100
 DSTRAT6       -0.001         0.010
 DSTRAT7       -0.001         0.000         0.007
 DSTRAT8        0.000         0.000         0.000         0.000
 BLT           -0.007         0.002        -0.003         0.000         0.250
 CBT            0.009        -0.004         0.000         0.000         0.010
 BXC           -0.007         0.002        -0.001         0.000         0.007


           PSI
              CBT           BXC
              ________      ________
 CBT            0.247
 BXC            0.011         0.125


     STARTING VALUES FOR THE ADDITIONAL PARAMETERS


           New/Additional Parameters
              SS1           SS2           SS3           SS4           MBLT
              ________      ________      ________      ________      ________
                0.500         0.500         0.500         0.500         0.500


           New/Additional Parameters
              MCBT
              ________
                0.500


     POPULATION VALUES


           NU
              Y1            Y2            Y3            DSTRAT2       DSTRAT3
              ________      ________      ________      ________      ________
                0.000         0.000         0.000         0.000         0.000


           NU
              DSTRAT4       DSTRAT5       DSTRAT6       DSTRAT7       DSTRAT8
              ________      ________      ________      ________      ________
                0.000         0.000         0.000         0.000         0.000


           NU
              BLT           CBT           BXC
              ________      ________      ________
                0.000         0.000         0.000


           LAMBDA
              INT           SLOPE         DSTRAT2       DSTRAT3       DSTRAT4
              ________      ________      ________      ________      ________
 Y1             1.000         0.000         0.000         0.000         0.000
 Y2             1.000         0.500         0.000         0.000         0.000
 Y3             1.000         1.000         0.000         0.000         0.000
 DSTRAT2        0.000         0.000         1.000         0.000         0.000
 DSTRAT3        0.000         0.000         0.000         1.000         0.000
 DSTRAT4        0.000         0.000         0.000         0.000         1.000
 DSTRAT5        0.000         0.000         0.000         0.000         0.000
 DSTRAT6        0.000         0.000         0.000         0.000         0.000
 DSTRAT7        0.000         0.000         0.000         0.000         0.000
 DSTRAT8        0.000         0.000         0.000         0.000         0.000
 BLT            0.000         0.000         0.000         0.000         0.000
 CBT            0.000         0.000         0.000         0.000         0.000
 BXC            0.000         0.000         0.000         0.000         0.000


           LAMBDA
              DSTRAT5       DSTRAT6       DSTRAT7       DSTRAT8       BLT
              ________      ________      ________      ________      ________
 Y1             0.000         0.000         0.000         0.000         0.000
 Y2             0.000         0.000         0.000         0.000         0.000
 Y3             0.000         0.000         0.000         0.000         0.000
 DSTRAT2        0.000         0.000         0.000         0.000         0.000
 DSTRAT3        0.000         0.000         0.000         0.000         0.000
 DSTRAT4        0.000         0.000         0.000         0.000         0.000
 DSTRAT5        1.000         0.000         0.000         0.000         0.000
 DSTRAT6        0.000         1.000         0.000         0.000         0.000
 DSTRAT7        0.000         0.000         1.000         0.000         0.000
 DSTRAT8        0.000         0.000         0.000         1.000         0.000
 BLT            0.000         0.000         0.000         0.000         1.000
 CBT            0.000         0.000         0.000         0.000         0.000
 BXC            0.000         0.000         0.000         0.000         0.000


           LAMBDA
              CBT           BXC
              ________      ________
 Y1             0.000         0.000
 Y2             0.000         0.000
 Y3             0.000         0.000
 DSTRAT2        0.000         0.000
 DSTRAT3        0.000         0.000
 DSTRAT4        0.000         0.000
 DSTRAT5        0.000         0.000
 DSTRAT6        0.000         0.000
 DSTRAT7        0.000         0.000
 DSTRAT8        0.000         0.000
 BLT            0.000         0.000
 CBT            1.000         0.000
 BXC            0.000         1.000


           THETA
              Y1            Y2            Y3            DSTRAT2       DSTRAT3
              ________      ________      ________      ________      ________
 Y1             8.873
 Y2             0.000         8.873
 Y3             0.000         0.000         8.873
 DSTRAT2        0.000         0.000         0.000         0.000
 DSTRAT3        0.000         0.000         0.000         0.000         0.000
 DSTRAT4        0.000         0.000         0.000         0.000         0.000
 DSTRAT5        0.000         0.000         0.000         0.000         0.000
 DSTRAT6        0.000         0.000         0.000         0.000         0.000
 DSTRAT7        0.000         0.000         0.000         0.000         0.000
 DSTRAT8        0.000         0.000         0.000         0.000         0.000
 BLT            0.000         0.000         0.000         0.000         0.000
 CBT            0.000         0.000         0.000         0.000         0.000
 BXC            0.000         0.000         0.000         0.000         0.000


           THETA
              DSTRAT4       DSTRAT5       DSTRAT6       DSTRAT7       DSTRAT8
              ________      ________      ________      ________      ________
 DSTRAT4        0.000
 DSTRAT5        0.000         0.000
 DSTRAT6        0.000         0.000         0.000
 DSTRAT7        0.000         0.000         0.000         0.000
 DSTRAT8        0.000         0.000         0.000         0.000         0.000
 BLT            0.000         0.000         0.000         0.000         0.000
 CBT            0.000         0.000         0.000         0.000         0.000
 BXC            0.000         0.000         0.000         0.000         0.000


           THETA
              BLT           CBT           BXC
              ________      ________      ________
 BLT            0.000
 CBT            0.000         0.000
 BXC            0.000         0.000         0.000


           ALPHA
              INT           SLOPE         DSTRAT2       DSTRAT3       DSTRAT4
              ________      ________      ________      ________      ________
                8.469        -2.000         0.000         0.000         0.000


           ALPHA
              DSTRAT5       DSTRAT6       DSTRAT7       DSTRAT8       BLT
              ________      ________      ________      ________      ________
                0.000         0.000         0.000         0.000         0.000


           ALPHA
              CBT           BXC
              ________      ________
                0.000         0.000


           BETA
              INT           SLOPE         DSTRAT2       DSTRAT3       DSTRAT4
              ________      ________      ________      ________      ________
 INT            0.000         0.000         5.000         1.000         6.000
 SLOPE          0.000         0.000         0.000         0.000         0.000
 DSTRAT2        0.000         0.000         0.000         0.000         0.000
 DSTRAT3        0.000         0.000         0.000         0.000         0.000
 DSTRAT4        0.000         0.000         0.000         0.000         0.000
 DSTRAT5        0.000         0.000         0.000         0.000         0.000
 DSTRAT6        0.000         0.000         0.000         0.000         0.000
 DSTRAT7        0.000         0.000         0.000         0.000         0.000
 DSTRAT8        0.000         0.000         0.000         0.000         0.000
 BLT            0.000         0.000         0.000         0.000         0.000
 CBT            0.000         0.000         0.000         0.000         0.000
 BXC            0.000         0.000         0.000         0.000         0.000


           BETA
              DSTRAT5       DSTRAT6       DSTRAT7       DSTRAT8       BLT
              ________      ________      ________      ________      ________
 INT            0.000         5.000         1.000         6.000         0.000
 SLOPE          0.000         0.000         0.000         0.000        -3.000
 DSTRAT2        0.000         0.000         0.000         0.000         0.000
 DSTRAT3        0.000         0.000         0.000         0.000         0.000
 DSTRAT4        0.000         0.000         0.000         0.000         0.000
 DSTRAT5        0.000         0.000         0.000         0.000         0.000
 DSTRAT6        0.000         0.000         0.000         0.000         0.000
 DSTRAT7        0.000         0.000         0.000         0.000         0.000
 DSTRAT8        0.000         0.000         0.000         0.000         0.000
 BLT            0.000         0.000         0.000         0.000         0.000
 CBT            0.000         0.000         0.000         0.000         0.000
 BXC            0.000         0.000         0.000         0.000         0.000


           BETA
              CBT           BXC
              ________      ________
 INT            0.000         0.000
 SLOPE         -3.000         3.000
 DSTRAT2        0.000         0.000
 DSTRAT3        0.000         0.000
 DSTRAT4        0.000         0.000
 DSTRAT5        0.000         0.000
 DSTRAT6        0.000         0.000
 DSTRAT7        0.000         0.000
 DSTRAT8        0.000         0.000
 BLT            0.000         0.000
 CBT            0.000         0.000
 BXC            0.000         0.000


           PSI
              INT           SLOPE         DSTRAT2       DSTRAT3       DSTRAT4
              ________      ________      ________      ________      ________
 INT           12.215
 SLOPE          2.314         6.765
 DSTRAT2        0.000         0.000         1.000
 DSTRAT3        0.000         0.000         0.000         1.000
 DSTRAT4        0.000         0.000         0.000         0.000         1.000
 DSTRAT5        0.000         0.000         0.000         0.000         0.000
 DSTRAT6        0.000         0.000         0.000         0.000         0.000
 DSTRAT7        0.000         0.000         0.000         0.000         0.000
 DSTRAT8        0.000         0.000         0.000         0.000         0.000
 BLT            0.000         0.000         0.000         0.000         0.000
 CBT            0.000         0.000         0.000         0.000         0.000
 BXC            0.000         0.000         0.000         0.000         0.000


           PSI
              DSTRAT5       DSTRAT6       DSTRAT7       DSTRAT8       BLT
              ________      ________      ________      ________      ________
 DSTRAT5        1.000
 DSTRAT6        0.000         1.000
 DSTRAT7        0.000         0.000         1.000
 DSTRAT8        0.000         0.000         0.000         1.000
 BLT            0.000         0.000         0.000         0.000         1.000
 CBT            0.000         0.000         0.000         0.000         0.000
 BXC            0.000         0.000         0.000         0.000         0.000


           PSI
              CBT           BXC
              ________      ________
 CBT            1.000
 BXC            0.000         1.000


RESULTS SAVING INFORMATION

  Order of data

    Replication number
    Parameter estimates
     (saved in order shown in Technical 1 output)
    Standard errors
     (saved in order shown in Technical 1 output)
    Chi-square : Value
    Chi-square : Degrees of Freedom
    Chi-square : P-Value
    CFI
    TLI
    H0 Loglikelihood
    H1 Loglikelihood
    Number of Free Parameters
    Akaike (AIC)
    Bayesian (BIC)
    Sample-Size Adjusted BIC
    RMSEA : Estimate
    SRMR

  Save file
    sleepcare_sim_estimate.dat

  Save file format           Free


     Beginning Time:  03:02:47
        Ending Time:  03:02:51
       Elapsed Time:  00:00:04



MUTHEN & MUTHEN
3463 Stoner Ave.
Los Angeles, CA  90066

Tel: (310) 391-9971
Fax: (310) 391-8971
Web: www.StatModel.com
Support: Support@StatModel.com

Copyright (c) 1998-2019 Muthen & Muthen
