Mplus VERSION 8.4
MUTHEN & MUTHEN
02/08/2020   4:53 AM

INPUT INSTRUCTIONS

  TITLE:
  Estimates for Power Analysis
  DATA:
  FILE = "power_fa_98c62984026b0c30ea22f3664bce0a24.dat";

  VARIABLE:
  NAMES = FA1 FA2 FA3 dstrat2 dstrat3 dstrat4 dcond;
   MISSING=.;

  ANALYSIS:
  ESTIMATOR = ML;!ESTIMATOR = BAYES; ALGORITHM=GIBBS(RW); BITER = 100000 (20000);
  MODEL:

    [FA1 - FA3@0]; ! fix residual intercepts to 0
    FA1*30 FA2*30 FA3*30 ;!(resvar); ! homogenous residual variances
    int BY FA1@1 FA2@1 FA3@1;
    slope BY FA1@0 FA2*0.5 FA3@1;
    int ON dstrat2 dstrat3 dstrat4 dcond@0 (i1 - i4);
    slope ON dcond (s4);
    [int* slope*] (rm1 - rm2);
    int*30 slope*19 (rv1-rv2);
    int WITH slope*0;

  OUTPUT:
  STDYX;



INPUT READING TERMINATED NORMALLY




Estimates for Power Analysis

SUMMARY OF ANALYSIS

Number of groups                                                 1
Number of observations                                          91

Number of dependent variables                                    3
Number of independent variables                                  4
Number of continuous latent variables                            2

Observed dependent variables

  Continuous
   FA1         FA2         FA3

Observed independent variables
   DSTRAT2     DSTRAT3     DSTRAT4     DCOND

Continuous latent variables
   INT         SLOPE


Estimator                                                       ML
Information matrix                                        OBSERVED
Maximum number of iterations                                  1000
Convergence criterion                                    0.500D-04
Maximum number of steepest descent iterations                   20
Maximum number of iterations for H1                           2000
Convergence criterion for H1                             0.100D-03

Input data file(s)
  power_fa_98c62984026b0c30ea22f3664bce0a24.dat

Input data format  FREE


SUMMARY OF DATA

     Number of missing data patterns             4


COVARIANCE COVERAGE OF DATA

Minimum covariance coverage value   0.100


     PROPORTION OF DATA PRESENT


           Covariance Coverage
              FA1           FA2           FA3           DSTRAT2       DSTRAT3
              ________      ________      ________      ________      ________
 FA1            1.000
 FA2            0.780         0.780
 FA3            0.670         0.659         0.670
 DSTRAT2        1.000         0.780         0.670         1.000
 DSTRAT3        1.000         0.780         0.670         1.000         1.000
 DSTRAT4        1.000         0.780         0.670         1.000         1.000
 DCOND          1.000         0.780         0.670         1.000         1.000


           Covariance Coverage
              DSTRAT4       DCOND
              ________      ________
 DSTRAT4        1.000
 DCOND          1.000         1.000



UNIVARIATE SAMPLE STATISTICS


     UNIVARIATE HIGHER-ORDER MOMENT DESCRIPTIVE STATISTICS

         Variable/         Mean/     Skewness/   Minimum/ % with                Percentiles
        Sample Size      Variance    Kurtosis    Maximum  Min/Max      20%/60%    40%/80%    Median

     FA1                  58.205      -0.115      42.800    1.10%      50.400     56.600     59.400
              91.000      57.817      -0.940      74.200    1.10%      60.400     65.300
     FA2                  56.735      -0.053      33.100    1.41%      49.200     54.600     57.500
              71.000      83.373       0.163      77.800    4.23%      59.400     63.300
     FA3                  55.167      -0.207      33.100    1.64%      48.100     51.500     55.600
              61.000      69.626      -0.128      72.400    3.28%      58.500     62.300
     DSTRAT2               0.099       2.687       0.000   90.11%       0.000      0.000      0.000
              91.000       0.089       5.221       1.000    9.89%       0.000      0.000
     DSTRAT3               0.363       0.571       0.000   63.74%       0.000      0.000      0.000
              91.000       0.231      -1.673       1.000   36.26%       0.000      1.000
     DSTRAT4               0.363       0.571       0.000   63.74%       0.000      0.000      0.000
              91.000       0.231      -1.673       1.000   36.26%       0.000      1.000
     DCOND                 0.516      -0.066       0.000   48.35%       0.000      0.000      1.000
              91.000       0.250      -1.996       1.000   51.65%       1.000      1.000


THE MODEL ESTIMATION TERMINATED NORMALLY



MODEL FIT INFORMATION

Number of Free Parameters                       13

Loglikelihood

          H0 Value                        -737.141
          H1 Value                        -730.933

Information Criteria

          Akaike (AIC)                    1500.283
          Bayesian (BIC)                  1532.924
          Sample-Size Adjusted BIC        1491.892
            (n* = (n + 2) / 24)

Chi-Square Test of Model Fit

          Value                             12.417
          Degrees of Freedom                     8
          P-Value                           0.1335

RMSEA (Root Mean Square Error Of Approximation)

          Estimate                           0.078
          90 Percent C.I.                    0.000  0.158
          Probability RMSEA <= .05           0.256

CFI/TLI

          CFI                                0.955
          TLI                                0.916

Chi-Square Test of Model Fit for the Baseline Model

          Value                            113.082
          Degrees of Freedom                    15
          P-Value                           0.0000

SRMR (Standardized Root Mean Square Residual)

          Value                              0.093



MODEL RESULTS

                                                    Two-Tailed
                    Estimate       S.E.  Est./S.E.    P-Value

 INT      BY
    FA1                1.000      0.000    999.000    999.000
    FA2                1.000      0.000    999.000    999.000
    FA3                1.000      0.000    999.000    999.000

 SLOPE    BY
    FA1                0.000      0.000    999.000    999.000
    FA2                0.364      0.200      1.815      0.069
    FA3                1.000      0.000    999.000    999.000

 INT      ON
    DSTRAT2            1.993      2.703      0.737      0.461
    DSTRAT3            9.060      1.917      4.727      0.000
    DSTRAT4            7.081      1.920      3.687      0.000
    DCOND              0.000      0.000    999.000    999.000

 SLOPE    ON
    DCOND             -5.196      1.724     -3.014      0.003

 INT      WITH
    SLOPE            -11.715     11.997     -0.977      0.329

 Intercepts
    FA1                0.000      0.000    999.000    999.000
    FA2                0.000      0.000    999.000    999.000
    FA3                0.000      0.000    999.000    999.000
    INT               52.164      1.585     32.903      0.000
    SLOPE             -0.106      1.275     -0.083      0.934

 Residual Variances
    FA1                5.822      8.764      0.664      0.507
    FA2               35.742      7.731      4.623      0.000
    FA3               18.734     19.996      0.937      0.349
    INT               38.615     10.486      3.683      0.000
    SLOPE             28.510     25.353      1.125      0.261


STANDARDIZED MODEL RESULTS


STDYX Standardization

                                                    Two-Tailed
                    Estimate       S.E.  Est./S.E.    P-Value

 INT      BY
    FA1                0.947      0.082     11.553      0.000
    FA2                0.782      0.060     13.085      0.000
    FA3                0.788      0.103      7.633      0.000

 SLOPE    BY
    FA1                0.000      0.000    999.000    999.000
    FA2                0.238      0.131      1.816      0.069
    FA3                0.659      0.251      2.630      0.009

 INT      ON
    DSTRAT2            0.084      0.113      0.741      0.459
    DSTRAT3            0.614      0.131      4.680      0.000
    DSTRAT4            0.480      0.132      3.646      0.000
    DCOND              0.000      0.000    999.000    999.000

 SLOPE    ON
    DCOND             -0.437      0.193     -2.263      0.024

 INT      WITH
    SLOPE             -0.353      0.266     -1.329      0.184

 Intercepts
    FA1                0.000      0.000    999.000    999.000
    FA2                0.000      0.000    999.000    999.000
    FA3                0.000      0.000    999.000    999.000
    INT                7.351      0.911      8.072      0.000
    SLOPE             -0.018      0.216     -0.083      0.934

 Residual Variances
    FA1                0.104      0.155      0.668      0.504
    FA2                0.434      0.065      6.649      0.000
    FA3                0.231      0.244      0.947      0.344
    INT                0.767      0.092      8.346      0.000
    SLOPE              0.809      0.169      4.785      0.000


R-SQUARE

    Observed                                        Two-Tailed
    Variable        Estimate       S.E.  Est./S.E.    P-Value

    FA1                0.896      0.155      5.777      0.000
    FA2                0.566      0.065      8.664      0.000
    FA3                0.769      0.244      3.155      0.002

     Latent                                         Two-Tailed
    Variable        Estimate       S.E.  Est./S.E.    P-Value

    INT                0.233      0.092      2.536      0.011
    SLOPE              0.191      0.169      1.131      0.258


QUALITY OF NUMERICAL RESULTS

     Condition Number for the Information Matrix              0.438E-04
       (ratio of smallest to largest eigenvalue)


     Beginning Time:  04:53:14
        Ending Time:  04:53:14
       Elapsed Time:  00:00:00



MUTHEN & MUTHEN
3463 Stoner Ave.
Los Angeles, CA  90066

Tel: (310) 391-9971
Fax: (310) 391-8971
Web: www.StatModel.com
Support: Support@StatModel.com

Copyright (c) 1998-2019 Muthen & Muthen
